2025-06-27 11:48:30 - werkzeug - INFO - _internal:97 - [31m[1mWARNING: This is a development server. Do not use it in a production deployment. Use a production WSGI server instead.[0m
 * Running on http://127.0.0.1:5000
2025-06-27 11:48:30 - werkzeug - INFO - _internal:97 - [33mPress CTRL+C to quit[0m
2025-06-27 11:48:30 - werkzeug - INFO - _internal:97 -  * Restarting with stat
2025-06-27 11:48:31 - werkzeug - WARNING - _internal:97 -  * Debugger is active!
2025-06-27 11:48:31 - werkzeug - INFO - _internal:97 -  * Debugger PIN: 262-340-303
2025-06-27 11:49:08 - werkzeug - INFO - _internal:97 - 127.0.0.1 - - [27/Jun/2025 11:49:08] "OPTIONS /api/user/register HTTP/1.1" 200 -
2025-06-27 11:49:08 - root - INFO - user_controller:142 - 111111111111: admin
2025-06-27 11:49:08 - root - INFO - user_service:13 - user_service use rgister
2025-06-27 11:49:08 - dao.user_dao - INFO - user_dao:29 - make new user: admin
2025-06-27 11:49:08 - dao.user_dao - INFO - user_dao:34 -  user has exist
2025-06-27 11:49:08 - dao.user_dao - INFO - user_dao:38 -  user 1
2025-06-27 11:49:08 - werkzeug - INFO - _internal:97 - 127.0.0.1 - - [27/Jun/2025 11:49:08] "[35m[1mPOST /api/user/register HTTP/1.1[0m" 500 -
2025-06-27 11:54:42 - werkzeug - INFO - _internal:97 - [31m[1mWARNING: This is a development server. Do not use it in a production deployment. Use a production WSGI server instead.[0m
 * Running on http://127.0.0.1:5000
2025-06-27 11:54:42 - werkzeug - INFO - _internal:97 - [33mPress CTRL+C to quit[0m
2025-06-27 11:54:42 - werkzeug - INFO - _internal:97 -  * Restarting with stat
2025-06-27 11:54:43 - werkzeug - WARNING - _internal:97 -  * Debugger is active!
2025-06-27 11:54:43 - werkzeug - INFO - _internal:97 -  * Debugger PIN: 262-340-303
2025-06-27 11:58:00 - werkzeug - INFO - _internal:97 - 127.0.0.1 - - [27/Jun/2025 11:58:00] "OPTIONS /api/user/register HTTP/1.1" 200 -
2025-06-27 11:58:00 - root - INFO - user_controller:142 - 111111111111: admin
2025-06-27 11:58:01 - root - INFO - user_service:13 - user_service use rgister
2025-06-27 11:58:01 - dao.user_dao - INFO - user_dao:29 - make new user: admin
2025-06-27 11:58:01 - dao.user_dao - INFO - user_dao:34 -  user has exist
2025-06-27 11:58:01 - dao.user_dao - INFO - user_dao:38 -  user 1
2025-06-27 11:58:01 - werkzeug - INFO - _internal:97 - 127.0.0.1 - - [27/Jun/2025 11:58:01] "[35m[1mPOST /api/user/register HTTP/1.1[0m" 500 -
2025-06-27 11:58:09 - werkzeug - INFO - _internal:97 - 127.0.0.1 - - [27/Jun/2025 11:58:09] "OPTIONS /api/user/register HTTP/1.1" 200 -
2025-06-27 11:58:09 - root - INFO - user_controller:142 - 111111111111: admin
2025-06-27 11:58:09 - root - INFO - user_service:13 - user_service use rgister
2025-06-27 11:58:09 - dao.user_dao - INFO - user_dao:29 - make new user: admin
2025-06-27 11:58:09 - dao.user_dao - INFO - user_dao:34 -  user has exist
2025-06-27 11:58:09 - dao.user_dao - INFO - user_dao:38 -  user 1
2025-06-27 11:58:09 - werkzeug - INFO - _internal:97 - 127.0.0.1 - - [27/Jun/2025 11:58:09] "[35m[1mPOST /api/user/register HTTP/1.1[0m" 500 -
2025-06-27 12:00:45 - werkzeug - INFO - _internal:97 -  * Detected change in 'D:\\2025shixun\\papertools\\backend\\dao\\user_dao.py', reloading
2025-06-27 12:00:45 - werkzeug - INFO - _internal:97 -  * Restarting with stat
2025-06-27 12:00:46 - werkzeug - WARNING - _internal:97 -  * Debugger is active!
2025-06-27 12:00:46 - werkzeug - INFO - _internal:97 -  * Debugger PIN: 262-340-303
2025-06-27 12:35:41 - werkzeug - INFO - _internal:97 - 127.0.0.1 - - [27/Jun/2025 12:35:41] "OPTIONS /api/user/register HTTP/1.1" 200 -
2025-06-27 12:35:41 - root - INFO - user_controller:142 - 111111111111: admin
2025-06-27 12:35:41 - root - INFO - user_service:13 - user_service use rgister
2025-06-27 12:35:41 - dao.user_dao - INFO - user_dao:29 - make new user: admin
2025-06-27 12:35:41 - dao.user_dao - INFO - user_dao:34 -  user has exist
2025-06-27 12:35:41 - dao.user_dao - INFO - user_dao:38 -  user 1
2025-06-27 12:35:42 - werkzeug - INFO - _internal:97 - 127.0.0.1 - - [27/Jun/2025 12:35:42] "[35m[1mPOST /api/user/register HTTP/1.1[0m" 500 -
2025-06-27 12:36:37 - werkzeug - INFO - _internal:97 - 127.0.0.1 - - [27/Jun/2025 12:36:37] "[31m[1mGET /api/user/register HTTP/1.1[0m" 405 -
2025-06-27 12:36:37 - werkzeug - INFO - _internal:97 - 127.0.0.1 - - [27/Jun/2025 12:36:37] "[33mGET /favicon.ico HTTP/1.1[0m" 404 -
2025-06-27 12:37:07 - werkzeug - INFO - _internal:97 - [31m[1mWARNING: This is a development server. Do not use it in a production deployment. Use a production WSGI server instead.[0m
 * Running on http://127.0.0.1:5000
2025-06-27 12:37:07 - werkzeug - INFO - _internal:97 - [33mPress CTRL+C to quit[0m
2025-06-27 12:37:07 - werkzeug - INFO - _internal:97 -  * Restarting with stat
2025-06-27 12:37:08 - werkzeug - WARNING - _internal:97 -  * Debugger is active!
2025-06-27 12:37:08 - werkzeug - INFO - _internal:97 -  * Debugger PIN: 262-340-303
2025-06-27 12:37:27 - werkzeug - INFO - _internal:97 - 127.0.0.1 - - [27/Jun/2025 12:37:27] "OPTIONS /api/user/register HTTP/1.1" 200 -
2025-06-27 12:37:27 - root - INFO - user_controller:142 - 111111111111: admin
2025-06-27 12:37:27 - root - INFO - user_service:13 - user_service use rgister
2025-06-27 12:37:27 - dao.user_dao - INFO - user_dao:29 - make new user: admin
2025-06-27 12:37:27 - dao.user_dao - INFO - user_dao:34 -  user has exist
2025-06-27 12:37:27 - dao.user_dao - INFO - user_dao:38 -  user 1
2025-06-27 12:37:27 - werkzeug - INFO - _internal:97 - 127.0.0.1 - - [27/Jun/2025 12:37:27] "[35m[1mPOST /api/user/register HTTP/1.1[0m" 500 -
2025-06-27 12:40:03 - werkzeug - INFO - _internal:97 - [31m[1mWARNING: This is a development server. Do not use it in a production deployment. Use a production WSGI server instead.[0m
 * Running on http://127.0.0.1:5000
2025-06-27 12:40:03 - werkzeug - INFO - _internal:97 - [33mPress CTRL+C to quit[0m
2025-06-27 12:40:03 - werkzeug - INFO - _internal:97 -  * Restarting with stat
2025-06-27 12:40:04 - werkzeug - WARNING - _internal:97 -  * Debugger is active!
2025-06-27 12:40:04 - werkzeug - INFO - _internal:97 -  * Debugger PIN: 262-340-303
2025-06-27 12:40:19 - werkzeug - INFO - _internal:97 - 127.0.0.1 - - [27/Jun/2025 12:40:19] "OPTIONS /api/user/register HTTP/1.1" 200 -
2025-06-27 12:40:20 - root - INFO - user_controller:142 - 111111111111: admin
2025-06-27 12:40:20 - root - INFO - user_service:13 - user_service use rgister
2025-06-27 12:40:20 - dao.user_dao - INFO - user_dao:29 - make new user: admin
2025-06-27 12:40:20 - dao.user_dao - INFO - user_dao:34 -  user has exist
2025-06-27 12:40:20 - dao.user_dao - INFO - user_dao:38 -  user 1
2025-06-27 12:40:20 - werkzeug - INFO - _internal:97 - 127.0.0.1 - - [27/Jun/2025 12:40:20] "[35m[1mPOST /api/user/register HTTP/1.1[0m" 500 -
2025-06-27 12:44:46 - werkzeug - INFO - _internal:97 -  * Detected change in 'D:\\2025shixun\\papertools\\backend\\controller\\user_controller.py', reloading
2025-06-27 12:44:46 - werkzeug - INFO - _internal:97 -  * Restarting with stat
2025-06-27 12:44:48 - werkzeug - WARNING - _internal:97 -  * Debugger is active!
2025-06-27 12:44:48 - werkzeug - INFO - _internal:97 -  * Debugger PIN: 262-340-303
2025-06-27 12:45:50 - werkzeug - INFO - _internal:97 -  * Detected change in 'D:\\2025shixun\\papertools\\backend\\controller\\user_controller.py', reloading
2025-06-27 12:45:50 - werkzeug - INFO - _internal:97 -  * Restarting with stat
2025-06-27 12:45:51 - werkzeug - WARNING - _internal:97 -  * Debugger is active!
2025-06-27 12:45:51 - werkzeug - INFO - _internal:97 -  * Debugger PIN: 262-340-303
2025-06-27 12:46:05 - werkzeug - INFO - _internal:97 - [31m[1mWARNING: This is a development server. Do not use it in a production deployment. Use a production WSGI server instead.[0m
 * Running on http://127.0.0.1:5000
2025-06-27 12:46:05 - werkzeug - INFO - _internal:97 - [33mPress CTRL+C to quit[0m
2025-06-27 12:46:05 - werkzeug - INFO - _internal:97 -  * Restarting with stat
2025-06-27 12:46:06 - werkzeug - WARNING - _internal:97 -  * Debugger is active!
2025-06-27 12:46:06 - werkzeug - INFO - _internal:97 -  * Debugger PIN: 262-340-303
2025-06-27 12:46:57 - werkzeug - INFO - _internal:97 -  * Detected change in 'D:\\2025shixun\\papertools\\backend\\app.py', reloading
2025-06-27 12:46:57 - werkzeug - INFO - _internal:97 -  * Restarting with stat
2025-06-27 12:46:58 - werkzeug - WARNING - _internal:97 -  * Debugger is active!
2025-06-27 12:46:58 - werkzeug - INFO - _internal:97 -  * Debugger PIN: 262-340-303
2025-06-27 12:47:25 - werkzeug - INFO - _internal:97 - 127.0.0.1 - - [27/Jun/2025 12:47:25] "OPTIONS /api/user/register HTTP/1.1" 200 -
2025-06-27 12:47:25 - root - INFO - user_controller:142 - 111111111111: admin
2025-06-27 12:47:25 - root - INFO - user_controller:142 - 111111111111: admin
2025-06-27 12:47:25 - root - INFO - user_controller:147 - √‹¬Îº”√‹≥…π¶
2025-06-27 12:47:25 - root - INFO - user_service:13 - user_service use rgister
2025-06-27 12:47:25 - dao.user_dao - INFO - user_dao:29 - make new user: admin
2025-06-27 12:47:25 - dao.user_dao - INFO - user_dao:34 -  user has exist
2025-06-27 12:47:25 - dao.user_dao - INFO - user_dao:38 -  user 1
2025-06-27 12:47:25 - werkzeug - INFO - _internal:97 - 127.0.0.1 - - [27/Jun/2025 12:47:25] "[35m[1mPOST /api/user/register HTTP/1.1[0m" 500 -
2025-06-27 12:47:25 - root - INFO - user_controller:142 - 111111111111: admin
2025-06-27 12:47:25 - root - INFO - user_controller:147 - √‹¬Îº”√‹≥…π¶
2025-06-27 12:47:25 - root - INFO - user_service:13 - user_service use rgister
2025-06-27 12:47:25 - dao.user_dao - INFO - user_dao:29 - make new user: admin
2025-06-27 12:47:25 - dao.user_dao - INFO - user_dao:34 -  user has exist
2025-06-27 12:47:25 - dao.user_dao - INFO - user_dao:38 -  user 1
2025-06-27 12:47:25 - werkzeug - INFO - _internal:97 - 127.0.0.1 - - [27/Jun/2025 12:47:25] "[35m[1mPOST /api/user/register HTTP/1.1[0m" 500 -
2025-06-27 12:47:25 - root - INFO - user_controller:147 - √‹¬Îº”√‹≥…π¶
2025-06-27 12:47:25 - root - INFO - user_service:13 - user_service use rgister
2025-06-27 12:47:25 - dao.user_dao - INFO - user_dao:29 - make new user: admin
2025-06-27 12:47:25 - dao.user_dao - INFO - user_dao:34 -  user has exist
2025-06-27 12:47:25 - dao.user_dao - INFO - user_dao:38 -  user 1
2025-06-27 12:47:25 - werkzeug - INFO - _internal:97 - 127.0.0.1 - - [27/Jun/2025 12:47:25] "[35m[1mPOST /api/user/register HTTP/1.1[0m" 500 -
2025-06-27 12:49:00 - werkzeug - INFO - _internal:97 - [31m[1mWARNING: This is a development server. Do not use it in a production deployment. Use a production WSGI server instead.[0m
 * Running on http://127.0.0.1:5000
2025-06-27 12:49:00 - werkzeug - INFO - _internal:97 - [33mPress CTRL+C to quit[0m
2025-06-27 12:49:00 - werkzeug - INFO - _internal:97 -  * Restarting with stat
2025-06-27 12:49:01 - werkzeug - WARNING - _internal:97 -  * Debugger is active!
2025-06-27 12:49:01 - werkzeug - INFO - _internal:97 -  * Debugger PIN: 262-340-303
2025-06-27 12:50:13 - werkzeug - INFO - _internal:97 - [31m[1mWARNING: This is a development server. Do not use it in a production deployment. Use a production WSGI server instead.[0m
 * Running on http://127.0.0.1:5000
2025-06-27 12:50:13 - werkzeug - INFO - _internal:97 - [33mPress CTRL+C to quit[0m
2025-06-27 12:50:13 - werkzeug - INFO - _internal:97 -  * Restarting with stat
2025-06-27 12:50:15 - werkzeug - WARNING - _internal:97 -  * Debugger is active!
2025-06-27 12:50:15 - werkzeug - INFO - _internal:97 -  * Debugger PIN: 262-340-303
2025-06-27 12:51:35 - werkzeug - INFO - _internal:97 -  * Detected change in 'D:\\2025shixun\\papertools\\backend\\app.py', reloading
2025-06-27 12:51:35 - werkzeug - INFO - _internal:97 -  * Restarting with stat
2025-06-27 12:51:36 - werkzeug - WARNING - _internal:97 -  * Debugger is active!
2025-06-27 12:51:36 - werkzeug - INFO - _internal:97 -  * Debugger PIN: 262-340-303
2025-06-27 12:51:50 - werkzeug - INFO - _internal:97 -  * Detected change in 'D:\\2025shixun\\papertools\\backend\\app.py', reloading
2025-06-27 12:51:50 - werkzeug - INFO - _internal:97 -  * Restarting with stat
2025-06-27 12:51:51 - werkzeug - WARNING - _internal:97 -  * Debugger is active!
2025-06-27 12:51:51 - werkzeug - INFO - _internal:97 -  * Debugger PIN: 262-340-303
2025-06-27 12:52:12 - werkzeug - INFO - _internal:97 -  * Detected change in 'D:\\2025shixun\\papertools\\backend\\app.py', reloading
2025-06-27 12:52:12 - werkzeug - INFO - _internal:97 -  * Restarting with stat
2025-06-27 12:52:13 - werkzeug - WARNING - _internal:97 -  * Debugger is active!
2025-06-27 12:52:13 - werkzeug - INFO - _internal:97 -  * Debugger PIN: 262-340-303
2025-06-27 12:52:24 - werkzeug - INFO - _internal:97 -  * Detected change in 'D:\\2025shixun\\papertools\\backend\\app.py', reloading
2025-06-27 12:52:24 - werkzeug - INFO - _internal:97 -  * Restarting with stat
2025-06-27 12:52:25 - werkzeug - WARNING - _internal:97 -  * Debugger is active!
2025-06-27 12:52:25 - werkzeug - INFO - _internal:97 -  * Debugger PIN: 262-340-303
2025-06-27 12:52:54 - werkzeug - INFO - _internal:97 -  * Detected change in 'D:\\2025shixun\\papertools\\backend\\app.py', reloading
2025-06-27 12:52:54 - werkzeug - INFO - _internal:97 -  * Restarting with stat
2025-06-27 12:52:55 - werkzeug - WARNING - _internal:97 -  * Debugger is active!
2025-06-27 12:52:55 - werkzeug - INFO - _internal:97 -  * Debugger PIN: 262-340-303
2025-06-27 12:53:03 - werkzeug - INFO - _internal:97 - [31m[1mWARNING: This is a development server. Do not use it in a production deployment. Use a production WSGI server instead.[0m
 * Running on http://127.0.0.1:5000
2025-06-27 12:53:03 - werkzeug - INFO - _internal:97 - [33mPress CTRL+C to quit[0m
2025-06-27 12:53:03 - werkzeug - INFO - _internal:97 -  * Restarting with stat
2025-06-27 12:53:04 - werkzeug - WARNING - _internal:97 -  * Debugger is active!
2025-06-27 12:53:04 - werkzeug - INFO - _internal:97 -  * Debugger PIN: 262-340-303
2025-06-27 12:55:54 - werkzeug - INFO - _internal:97 - 127.0.0.1 - - [27/Jun/2025 12:55:54] "OPTIONS /api/user/register HTTP/1.1" 200 -
2025-06-27 12:55:54 - root - INFO - user_controller:142 - 111111111111: admin
2025-06-27 12:55:54 - root - INFO - user_controller:147 - √‹¬Îº”√‹≥…π¶
2025-06-27 12:55:54 - root - INFO - user_service:13 - user_service use rgister
2025-06-27 12:55:54 - dao.user_dao - INFO - user_dao:29 - make new user: admin
2025-06-27 12:55:54 - dao.user_dao - INFO - user_dao:34 -  user has exist
2025-06-27 12:55:54 - dao.user_dao - INFO - user_dao:38 -  user 1
2025-06-27 12:55:54 - werkzeug - INFO - _internal:97 - 127.0.0.1 - - [27/Jun/2025 12:55:54] "[35m[1mPOST /api/user/register HTTP/1.1[0m" 500 -
2025-06-27 13:01:48 - werkzeug - INFO - _internal:97 -  * Detected change in 'D:\\2025shixun\\papertools\\backend\\dao\\user_dao.py', reloading
2025-06-27 13:01:48 - werkzeug - INFO - _internal:97 -  * Restarting with stat
2025-06-27 13:01:49 - werkzeug - WARNING - _internal:97 -  * Debugger is active!
2025-06-27 13:01:49 - werkzeug - INFO - _internal:97 -  * Debugger PIN: 262-340-303
2025-06-27 13:02:08 - werkzeug - INFO - _internal:97 - 127.0.0.1 - - [27/Jun/2025 13:02:08] "OPTIONS /api/user/register HTTP/1.1" 200 -
2025-06-27 13:02:09 - root - INFO - user_controller:142 - 111111111111: admin
2025-06-27 13:02:09 - root - INFO - user_controller:147 - √‹¬Îº”√‹≥…π¶
2025-06-27 13:02:09 - root - INFO - user_service:13 - user_service use rgister
2025-06-27 13:02:09 - dao.user_dao - INFO - user_dao:29 - make new user: admin
2025-06-27 13:02:09 - dao.user_dao - INFO - user_dao:34 -  user has exist
2025-06-27 13:02:09 - dao.user_dao - INFO - user_dao:38 -  user 1
2025-06-27 13:02:09 - werkzeug - INFO - _internal:97 - 127.0.0.1 - - [27/Jun/2025 13:02:09] "[35m[1mPOST /api/user/register HTTP/1.1[0m" 500 -
2025-06-27 13:08:06 - werkzeug - INFO - _internal:97 -  * Detected change in 'D:\\2025shixun\\papertools\\backend\\dao\\user_dao.py', reloading
2025-06-27 13:08:06 - werkzeug - INFO - _internal:97 -  * Restarting with stat
2025-06-27 13:08:08 - werkzeug - WARNING - _internal:97 -  * Debugger is active!
2025-06-27 13:08:08 - werkzeug - INFO - _internal:97 -  * Debugger PIN: 262-340-303
2025-06-27 13:08:25 - werkzeug - INFO - _internal:97 -  * Detected change in 'D:\\2025shixun\\papertools\\backend\\dao\\user_dao.py', reloading
2025-06-27 13:08:25 - werkzeug - INFO - _internal:97 -  * Restarting with stat
2025-06-27 13:08:26 - werkzeug - WARNING - _internal:97 -  * Debugger is active!
2025-06-27 13:08:26 - werkzeug - INFO - _internal:97 -  * Debugger PIN: 262-340-303
2025-06-27 13:10:00 - werkzeug - INFO - _internal:97 -  * Detected change in 'D:\\2025shixun\\papertools\\backend\\models\\user.py', reloading
2025-06-27 13:10:01 - werkzeug - INFO - _internal:97 -  * Restarting with stat
2025-06-27 13:10:02 - werkzeug - WARNING - _internal:97 -  * Debugger is active!
2025-06-27 13:10:02 - werkzeug - INFO - _internal:97 -  * Debugger PIN: 262-340-303
2025-06-27 13:11:11 - werkzeug - INFO - _internal:97 - 127.0.0.1 - - [27/Jun/2025 13:11:11] "OPTIONS /api/user/register HTTP/1.1" 200 -
2025-06-27 13:11:11 - root - INFO - user_controller:142 - 111111111111: admin
2025-06-27 13:11:12 - root - INFO - user_controller:147 - √‹¬Îº”√‹≥…π¶
2025-06-27 13:11:12 - root - INFO - user_service:13 - user_service use rgister
2025-06-27 13:11:12 - dao.user_dao - INFO - user_dao:29 - make new user: admin
2025-06-27 13:11:12 - dao.user_dao - INFO - user_dao:34 -  user has exist
2025-06-27 13:11:12 - dao.user_dao - INFO - user_dao:38 -  user 1
2025-06-27 13:11:12 - werkzeug - INFO - _internal:97 - 127.0.0.1 - - [27/Jun/2025 13:11:12] "[35m[1mPOST /api/user/register HTTP/1.1[0m" 500 -
2025-06-27 13:15:16 - werkzeug - INFO - _internal:97 -  * Detected change in 'D:\\2025shixun\\papertools\\backend\\dao\\user_dao.py', reloading
2025-06-27 13:15:16 - werkzeug - INFO - _internal:97 -  * Restarting with stat
2025-06-27 13:15:17 - werkzeug - WARNING - _internal:97 -  * Debugger is active!
2025-06-27 13:15:17 - werkzeug - INFO - _internal:97 -  * Debugger PIN: 262-340-303
2025-06-27 13:15:35 - werkzeug - INFO - _internal:97 - 127.0.0.1 - - [27/Jun/2025 13:15:35] "OPTIONS /api/user/register HTTP/1.1" 200 -
2025-06-27 13:15:35 - root - INFO - user_controller:142 - 111111111111: admin
2025-06-27 13:15:35 - root - INFO - user_controller:147 - √‹¬Îº”√‹≥…π¶
2025-06-27 13:15:35 - root - INFO - user_service:13 - user_service use rgister
2025-06-27 13:15:35 - dao.user_dao - INFO - user_dao:29 - make new user: admin
2025-06-27 13:15:35 - dao.user_dao - INFO - user_dao:34 -  user has exist
2025-06-27 13:15:35 - dao.user_dao - INFO - user_dao:38 -  user 1
2025-06-27 13:15:35 - werkzeug - INFO - _internal:97 - 127.0.0.1 - - [27/Jun/2025 13:15:35] "[35m[1mPOST /api/user/register HTTP/1.1[0m" 500 -
2025-06-27 13:18:40 - werkzeug - INFO - _internal:97 -  * Detected change in 'D:\\2025shixun\\papertools\\backend\\dao\\user_dao.py', reloading
2025-06-27 13:18:40 - werkzeug - INFO - _internal:97 -  * Restarting with stat
2025-06-27 13:18:41 - werkzeug - WARNING - _internal:97 -  * Debugger is active!
2025-06-27 13:18:41 - werkzeug - INFO - _internal:97 -  * Debugger PIN: 262-340-303
2025-06-27 13:18:42 - werkzeug - INFO - _internal:97 -  * Detected change in 'D:\\2025shixun\\papertools\\backend\\dao\\user_dao.py', reloading
2025-06-27 13:18:42 - werkzeug - INFO - _internal:97 -  * Restarting with stat
2025-06-27 13:18:43 - werkzeug - WARNING - _internal:97 -  * Debugger is active!
2025-06-27 13:18:43 - werkzeug - INFO - _internal:97 -  * Debugger PIN: 262-340-303
2025-06-27 13:18:57 - werkzeug - INFO - _internal:97 - 127.0.0.1 - - [27/Jun/2025 13:18:57] "OPTIONS /api/user/register HTTP/1.1" 200 -
2025-06-27 13:18:57 - root - INFO - user_controller:142 - 111111111111: admin
2025-06-27 13:18:57 - root - INFO - user_controller:147 - √‹¬Îº”√‹≥…π¶
2025-06-27 13:18:57 - root - INFO - user_service:13 - user_service use rgister
2025-06-27 13:18:57 - dao.user_dao - INFO - user_dao:29 - make new user: admin
2025-06-27 13:18:57 - dao.user_dao - INFO - user_dao:34 -  user has exist
2025-06-27 13:18:57 - dao.user_dao - INFO - user_dao:38 -  user 1
2025-06-27 13:18:57 - werkzeug - INFO - _internal:97 - 127.0.0.1 - - [27/Jun/2025 13:18:57] "[35m[1mPOST /api/user/register HTTP/1.1[0m" 500 -
2025-06-27 13:24:17 - werkzeug - INFO - _internal:97 -  * Detected change in 'D:\\2025shixun\\papertools\\backend\\models\\__init__.py', reloading
2025-06-27 13:24:17 - werkzeug - INFO - _internal:97 -  * Restarting with stat
2025-06-27 13:30:57 - werkzeug - INFO - _internal:97 - [31m[1mWARNING: This is a development server. Do not use it in a production deployment. Use a production WSGI server instead.[0m
 * Running on http://127.0.0.1:5000
2025-06-27 13:30:57 - werkzeug - INFO - _internal:97 - [33mPress CTRL+C to quit[0m
2025-06-27 13:30:57 - werkzeug - INFO - _internal:97 -  * Restarting with stat
2025-06-27 13:30:58 - werkzeug - WARNING - _internal:97 -  * Debugger is active!
2025-06-27 13:30:58 - werkzeug - INFO - _internal:97 -  * Debugger PIN: 262-340-303
2025-06-27 13:31:31 - werkzeug - INFO - _internal:97 -  * Detected change in 'D:\\2025shixun\\papertools\\backend\\app.py', reloading
2025-06-27 13:31:31 - werkzeug - INFO - _internal:97 -  * Restarting with stat
2025-06-27 13:31:32 - werkzeug - WARNING - _internal:97 -  * Debugger is active!
2025-06-27 13:31:32 - werkzeug - INFO - _internal:97 -  * Debugger PIN: 262-340-303
2025-06-27 13:31:47 - werkzeug - INFO - _internal:97 -  * Detected change in 'D:\\2025shixun\\papertools\\backend\\app.py', reloading
2025-06-27 13:31:48 - werkzeug - INFO - _internal:97 -  * Restarting with stat
2025-06-27 13:31:49 - werkzeug - WARNING - _internal:97 -  * Debugger is active!
2025-06-27 13:31:49 - werkzeug - INFO - _internal:97 -  * Debugger PIN: 262-340-303
2025-06-27 13:32:03 - werkzeug - INFO - _internal:97 -  * Detected change in 'D:\\2025shixun\\papertools\\backend\\app.py', reloading
2025-06-27 13:32:03 - werkzeug - INFO - _internal:97 -  * Restarting with stat
2025-06-27 13:32:04 - werkzeug - WARNING - _internal:97 -  * Debugger is active!
2025-06-27 13:32:04 - werkzeug - INFO - _internal:97 -  * Debugger PIN: 262-340-303
2025-06-27 13:32:14 - werkzeug - INFO - _internal:97 -  * Detected change in 'D:\\2025shixun\\papertools\\backend\\app.py', reloading
2025-06-27 13:32:14 - werkzeug - INFO - _internal:97 -  * Restarting with stat
2025-06-27 13:32:15 - werkzeug - WARNING - _internal:97 -  * Debugger is active!
2025-06-27 13:32:15 - werkzeug - INFO - _internal:97 -  * Debugger PIN: 262-340-303
2025-06-27 13:32:41 - werkzeug - INFO - _internal:97 - 127.0.0.1 - - [27/Jun/2025 13:32:41] "OPTIONS /api/user/register HTTP/1.1" 200 -
2025-06-27 13:32:41 - root - INFO - user_controller:142 - 111111111111: admin
2025-06-27 13:32:41 - root - INFO - user_controller:147 - √‹¬Îº”√‹≥…π¶
2025-06-27 13:32:41 - root - INFO - user_service:13 - user_service use rgister
2025-06-27 13:32:41 - dao.user_dao - INFO - user_dao:29 - make new user: admin
2025-06-27 13:32:41 - dao.user_dao - INFO - user_dao:34 -  user has exist
2025-06-27 13:32:41 - dao.user_dao - INFO - user_dao:38 -  user 1
2025-06-27 13:32:41 - werkzeug - INFO - _internal:97 - 127.0.0.1 - - [27/Jun/2025 13:32:41] "[35m[1mPOST /api/user/register HTTP/1.1[0m" 500 -
2025-06-27 13:32:42 - root - INFO - user_controller:142 - 111111111111: admin
2025-06-27 13:32:42 - root - INFO - user_controller:147 - √‹¬Îº”√‹≥…π¶
2025-06-27 13:32:42 - root - INFO - user_service:13 - user_service use rgister
2025-06-27 13:32:42 - dao.user_dao - INFO - user_dao:29 - make new user: admin
2025-06-27 13:32:42 - dao.user_dao - INFO - user_dao:34 -  user has exist
2025-06-27 13:32:42 - dao.user_dao - INFO - user_dao:38 -  user 1
2025-06-27 13:32:42 - werkzeug - INFO - _internal:97 - 127.0.0.1 - - [27/Jun/2025 13:32:42] "[35m[1mPOST /api/user/register HTTP/1.1[0m" 500 -
2025-06-27 13:36:10 - werkzeug - INFO - _internal:97 -  * Detected change in 'D:\\2025shixun\\papertools\\backend\\models\\user.py', reloading
2025-06-27 13:36:10 - werkzeug - INFO - _internal:97 -  * Restarting with stat
2025-06-27 13:36:11 - werkzeug - WARNING - _internal:97 -  * Debugger is active!
2025-06-27 13:36:11 - werkzeug - INFO - _internal:97 -  * Debugger PIN: 262-340-303
2025-06-27 13:36:14 - werkzeug - INFO - _internal:97 -  * Detected change in 'D:\\2025shixun\\papertools\\backend\\service\\paper_service.py', reloading
2025-06-27 13:36:14 - werkzeug - INFO - _internal:97 -  * Restarting with stat
2025-06-27 13:36:15 - werkzeug - WARNING - _internal:97 -  * Debugger is active!
2025-06-27 13:36:15 - werkzeug - INFO - _internal:97 -  * Debugger PIN: 262-340-303
2025-06-27 13:36:44 - werkzeug - INFO - _internal:97 - 127.0.0.1 - - [27/Jun/2025 13:36:44] "OPTIONS /api/user/register HTTP/1.1" 200 -
2025-06-27 13:36:44 - root - INFO - user_controller:142 - 111111111111: admin
2025-06-27 13:36:44 - root - INFO - user_controller:147 - √‹¬Îº”√‹≥…π¶
2025-06-27 13:36:44 - root - INFO - user_service:13 - user_service use rgister
2025-06-27 13:36:44 - dao.user_dao - INFO - user_dao:29 - make new user: admin
2025-06-27 13:36:44 - dao.user_dao - INFO - user_dao:34 -  user has exist
2025-06-27 13:36:44 - dao.user_dao - INFO - user_dao:38 -  user 1
2025-06-27 13:36:44 - werkzeug - INFO - _internal:97 - 127.0.0.1 - - [27/Jun/2025 13:36:44] "[35m[1mPOST /api/user/register HTTP/1.1[0m" 500 -
2025-06-27 13:38:42 - werkzeug - INFO - _internal:97 -  * Detected change in 'D:\\2025shixun\\papertools\\backend\\models\\operation.py', reloading
2025-06-27 13:38:42 - werkzeug - INFO - _internal:97 -  * Restarting with stat
2025-06-27 13:38:43 - werkzeug - WARNING - _internal:97 -  * Debugger is active!
2025-06-27 13:38:43 - werkzeug - INFO - _internal:97 -  * Debugger PIN: 262-340-303
2025-06-27 13:38:57 - werkzeug - INFO - _internal:97 - 127.0.0.1 - - [27/Jun/2025 13:38:57] "OPTIONS /api/user/register HTTP/1.1" 200 -
2025-06-27 13:38:57 - root - INFO - user_controller:142 - 111111111111: admin
2025-06-27 13:38:57 - root - INFO - user_controller:147 - √‹¬Îº”√‹≥…π¶
2025-06-27 13:38:57 - root - INFO - user_service:13 - user_service use rgister
2025-06-27 13:38:57 - dao.user_dao - INFO - user_dao:29 - make new user: admin
2025-06-27 13:38:57 - dao.user_dao - INFO - user_dao:34 -  user has exist
2025-06-27 13:38:57 - dao.user_dao - INFO - user_dao:38 -  user 1
2025-06-27 13:38:57 - werkzeug - INFO - _internal:97 - 127.0.0.1 - - [27/Jun/2025 13:38:57] "[35m[1mPOST /api/user/register HTTP/1.1[0m" 500 -
2025-06-27 13:40:13 - werkzeug - INFO - _internal:97 -  * Detected change in 'D:\\2025shixun\\papertools\\backend\\models\\user.py', reloading
2025-06-27 13:40:13 - werkzeug - INFO - _internal:97 -  * Restarting with stat
2025-06-27 13:40:14 - werkzeug - WARNING - _internal:97 -  * Debugger is active!
2025-06-27 13:40:14 - werkzeug - INFO - _internal:97 -  * Debugger PIN: 262-340-303
2025-06-27 13:40:41 - werkzeug - INFO - _internal:97 -  * Detected change in 'D:\\2025shixun\\papertools\\backend\\models\\operation.py', reloading
2025-06-27 13:40:42 - werkzeug - INFO - _internal:97 -  * Restarting with stat
2025-06-27 13:40:43 - werkzeug - WARNING - _internal:97 -  * Debugger is active!
2025-06-27 13:40:43 - werkzeug - INFO - _internal:97 -  * Debugger PIN: 262-340-303
2025-06-27 13:40:54 - werkzeug - INFO - _internal:97 - 127.0.0.1 - - [27/Jun/2025 13:40:54] "OPTIONS /api/user/register HTTP/1.1" 200 -
2025-06-27 13:40:54 - root - INFO - user_controller:142 - 111111111111: admin
2025-06-27 13:40:54 - root - INFO - user_controller:147 - √‹¬Îº”√‹≥…π¶
2025-06-27 13:40:54 - root - INFO - user_service:13 - user_service use rgister
2025-06-27 13:40:54 - dao.user_dao - INFO - user_dao:29 - make new user: admin
2025-06-27 13:40:54 - dao.user_dao - INFO - user_dao:34 -  user has exist
2025-06-27 13:40:54 - dao.user_dao - INFO - user_dao:38 -  user 1
2025-06-27 13:40:54 - dao.user_dao - INFO - user_dao:49 - new user has been created,waiting for writing
2025-06-27 13:40:54 - dao.user_dao - INFO - user_dao:53 - ”√ªß¥¥Ω®≥…π¶: ID=1, ”√ªß√˚=admin, ” œ‰=2074437070@qq.com
2025-06-27 13:40:54 - werkzeug - INFO - _internal:97 - 127.0.0.1 - - [27/Jun/2025 13:40:54] "[35m[1mPOST /api/user/register HTTP/1.1[0m" 201 -
2025-06-27 13:41:04 - werkzeug - INFO - _internal:97 - 127.0.0.1 - - [27/Jun/2025 13:41:04] "OPTIONS /api/user/register HTTP/1.1" 200 -
2025-06-27 13:41:05 - root - INFO - user_controller:142 - 111111111111: admin
2025-06-27 13:41:05 - root - INFO - user_controller:147 - √‹¬Îº”√‹≥…π¶
2025-06-27 13:41:05 - root - INFO - user_service:13 - user_service use rgister
2025-06-27 13:41:05 - dao.user_dao - INFO - user_dao:29 - make new user: admin
2025-06-27 13:41:05 - dao.user_dao - INFO - user_dao:34 -  user has exist
2025-06-27 13:41:05 - dao.user_dao - INFO - user_dao:38 -  user 1
2025-06-27 13:41:05 - werkzeug - INFO - _internal:97 - 127.0.0.1 - - [27/Jun/2025 13:41:05] "[35m[1mPOST /api/user/register HTTP/1.1[0m" 500 -
2025-06-27 13:43:10 - werkzeug - INFO - _internal:97 - 127.0.0.1 - - [27/Jun/2025 13:43:10] "OPTIONS /api/user/register HTTP/1.1" 200 -
2025-06-27 13:43:10 - root - INFO - user_controller:142 - 111111111111: admin
2025-06-27 13:43:10 - root - INFO - user_controller:147 - √‹¬Îº”√‹≥…π¶
2025-06-27 13:43:10 - root - INFO - user_service:13 - user_service use rgister
2025-06-27 13:43:10 - dao.user_dao - INFO - user_dao:29 - make new user: admin
2025-06-27 13:43:10 - dao.user_dao - INFO - user_dao:34 -  user has exist
2025-06-27 13:43:10 - dao.user_dao - INFO - user_dao:38 -  user 1
2025-06-27 13:43:10 - dao.user_dao - INFO - user_dao:49 - new user has been created,waiting for writing
2025-06-27 13:43:10 - dao.user_dao - INFO - user_dao:53 - ”√ªß¥¥Ω®≥…π¶: ID=3, ”√ªß√˚=admin, ” œ‰=2074437070@qq.com
2025-06-27 13:43:10 - werkzeug - INFO - _internal:97 - 127.0.0.1 - - [27/Jun/2025 13:43:10] "[35m[1mPOST /api/user/register HTTP/1.1[0m" 201 -
2025-06-27 13:44:57 - werkzeug - INFO - _internal:97 - 127.0.0.1 - - [27/Jun/2025 13:44:57] "OPTIONS /api/user/register HTTP/1.1" 200 -
2025-06-27 13:44:57 - root - INFO - user_controller:142 - 111111111111: admin
2025-06-27 13:44:57 - root - INFO - user_controller:147 - √‹¬Îº”√‹≥…π¶
2025-06-27 13:44:57 - root - INFO - user_service:13 - user_service use rgister
2025-06-27 13:44:57 - dao.user_dao - INFO - user_dao:29 - make new user: admin
2025-06-27 13:44:57 - dao.user_dao - INFO - user_dao:34 -  user has exist
2025-06-27 13:44:57 - dao.user_dao - INFO - user_dao:38 -  user 1
2025-06-27 13:44:57 - dao.user_dao - INFO - user_dao:49 - new user has been created,waiting for writing
2025-06-27 13:44:57 - dao.user_dao - INFO - user_dao:53 - ”√ªß¥¥Ω®≥…π¶: ID=4, ”√ªß√˚=admin, ” œ‰=2074437070@qq.com
2025-06-27 13:44:57 - werkzeug - INFO - _internal:97 - 127.0.0.1 - - [27/Jun/2025 13:44:57] "[35m[1mPOST /api/user/register HTTP/1.1[0m" 201 -
2025-06-27 13:45:36 - werkzeug - INFO - _internal:97 - 127.0.0.1 - - [27/Jun/2025 13:45:36] "OPTIONS /api/user/register HTTP/1.1" 200 -
2025-06-27 13:45:36 - root - INFO - user_controller:142 - 111111111111: admin
2025-06-27 13:45:36 - root - INFO - user_controller:147 - √‹¬Îº”√‹≥…π¶
2025-06-27 13:45:36 - root - INFO - user_service:13 - user_service use rgister
2025-06-27 13:45:36 - dao.user_dao - INFO - user_dao:29 - make new user: admin
2025-06-27 13:45:36 - dao.user_dao - INFO - user_dao:34 -  user has exist
2025-06-27 13:45:36 - dao.user_dao - INFO - user_dao:38 -  user 1
2025-06-27 13:45:36 - dao.user_dao - INFO - user_dao:49 - new user has been created,waiting for writing
2025-06-27 13:45:36 - dao.user_dao - INFO - user_dao:53 - ”√ªß¥¥Ω®≥…π¶: ID=5, ”√ªß√˚=admin, ” œ‰=2074437070@qq.com
2025-06-27 13:45:36 - werkzeug - INFO - _internal:97 - 127.0.0.1 - - [27/Jun/2025 13:45:36] "[35m[1mPOST /api/user/register HTTP/1.1[0m" 201 -
2025-06-27 13:46:30 - werkzeug - INFO - _internal:97 -  * Detected change in 'D:\\2025shixun\\papertools\\backend\\app.py', reloading
2025-06-27 13:46:30 - werkzeug - INFO - _internal:97 -  * Restarting with stat
2025-06-27 13:46:31 - werkzeug - WARNING - _internal:97 -  * Debugger is active!
2025-06-27 13:46:31 - werkzeug - INFO - _internal:97 -  * Debugger PIN: 262-340-303
2025-06-27 13:46:50 - werkzeug - INFO - _internal:97 -  * Detected change in 'D:\\2025shixun\\papertools\\backend\\app.py', reloading
2025-06-27 13:46:51 - werkzeug - INFO - _internal:97 -  * Restarting with stat
2025-06-27 13:49:40 - werkzeug - INFO - _internal:97 - [31m[1mWARNING: This is a development server. Do not use it in a production deployment. Use a production WSGI server instead.[0m
 * Running on http://127.0.0.1:5000
2025-06-27 13:49:40 - werkzeug - INFO - _internal:97 - [33mPress CTRL+C to quit[0m
2025-06-27 13:49:40 - werkzeug - INFO - _internal:97 -  * Restarting with stat
2025-06-27 13:49:41 - werkzeug - WARNING - _internal:97 -  * Debugger is active!
2025-06-27 13:49:41 - werkzeug - INFO - _internal:97 -  * Debugger PIN: 262-340-303
2025-06-27 13:50:03 - werkzeug - INFO - _internal:97 -  * Detected change in 'D:\\2025shixun\\papertools\\backend\\app.py', reloading
2025-06-27 13:50:03 - werkzeug - INFO - _internal:97 -  * Restarting with stat
2025-06-27 13:52:27 - werkzeug - INFO - _internal:97 - [31m[1mWARNING: This is a development server. Do not use it in a production deployment. Use a production WSGI server instead.[0m
 * Running on http://127.0.0.1:5000
2025-06-27 13:52:27 - werkzeug - INFO - _internal:97 - [33mPress CTRL+C to quit[0m
2025-06-27 13:52:27 - werkzeug - INFO - _internal:97 -  * Restarting with stat
2025-06-27 13:52:28 - werkzeug - WARNING - _internal:97 -  * Debugger is active!
2025-06-27 13:52:28 - werkzeug - INFO - _internal:97 -  * Debugger PIN: 262-340-303
2025-06-27 13:52:39 - werkzeug - INFO - _internal:97 -  * Detected change in 'D:\\2025shixun\\papertools\\backend\\app.py', reloading
2025-06-27 13:52:39 - werkzeug - INFO - _internal:97 -  * Restarting with stat
2025-06-27 13:52:40 - werkzeug - WARNING - _internal:97 -  * Debugger is active!
2025-06-27 13:52:40 - werkzeug - INFO - _internal:97 -  * Debugger PIN: 262-340-303
2025-06-27 13:54:12 - werkzeug - INFO - _internal:97 - 127.0.0.1 - - [27/Jun/2025 13:54:12] "OPTIONS /api/user/register HTTP/1.1" 200 -
2025-06-27 13:54:12 - root - INFO - user_controller:142 - 111111111111: admin
2025-06-27 13:54:12 - root - INFO - user_controller:147 - √‹¬Îº”√‹≥…π¶
2025-06-27 13:54:12 - root - INFO - user_service:13 - user_service use rgister
2025-06-27 13:54:12 - dao.user_dao - INFO - user_dao:29 - make new user: admin
2025-06-27 13:54:12 - dao.user_dao - INFO - user_dao:34 -  user has exist
2025-06-27 13:54:12 - dao.user_dao - INFO - user_dao:38 -  user 1
2025-06-27 13:54:12 - dao.user_dao - INFO - user_dao:49 - new user has been created,waiting for writing
2025-06-27 13:54:12 - dao.user_dao - INFO - user_dao:53 - ”√ªß¥¥Ω®≥…π¶: ID=1, ”√ªß√˚=admin, ” œ‰=2074437070@qq.com
2025-06-27 13:54:12 - werkzeug - INFO - _internal:97 - 127.0.0.1 - - [27/Jun/2025 13:54:12] "[35m[1mPOST /api/user/register HTTP/1.1[0m" 201 -
2025-06-27 14:04:50 - werkzeug - INFO - _internal:97 - 127.0.0.1 - - [27/Jun/2025 14:04:50] "OPTIONS /api/user/register HTTP/1.1" 200 -
2025-06-27 14:04:50 - root - INFO - user_controller:142 - 111111111111: admin
2025-06-27 14:04:50 - root - INFO - user_controller:147 - √‹¬Îº”√‹≥…π¶
2025-06-27 14:04:50 - root - INFO - user_service:13 - user_service use rgister
2025-06-27 14:04:50 - dao.user_dao - INFO - user_dao:29 - make new user: admin
2025-06-27 14:04:50 - dao.user_dao - INFO - user_dao:34 -  user has exist
2025-06-27 14:04:50 - dao.user_dao - INFO - user_dao:38 -  user 1
2025-06-27 14:04:50 - dao.user_dao - INFO - user_dao:49 - new user has been created,waiting for writing
2025-06-27 14:04:50 - dao.user_dao - INFO - user_dao:53 - ”√ªß¥¥Ω®≥…π¶: ID=2, ”√ªß√˚=admin, ” œ‰=2074437070@qq.com
2025-06-27 14:04:50 - werkzeug - INFO - _internal:97 - 127.0.0.1 - - [27/Jun/2025 14:04:50] "[35m[1mPOST /api/user/register HTTP/1.1[0m" 201 -
2025-06-27 14:22:02 - werkzeug - INFO - _internal:97 - 127.0.0.1 - - [27/Jun/2025 14:22:02] "OPTIONS /api/user/register HTTP/1.1" 200 -
2025-06-27 14:22:02 - root - INFO - user_controller:142 - 111111111111: admin
2025-06-27 14:22:02 - root - INFO - user_controller:147 - √‹¬Îº”√‹≥…π¶
2025-06-27 14:22:02 - root - INFO - user_service:13 - user_service use rgister
2025-06-27 14:22:02 - dao.user_dao - INFO - user_dao:29 - make new user: admin
2025-06-27 14:22:02 - dao.user_dao - INFO - user_dao:34 -  user has exist
2025-06-27 14:22:02 - dao.user_dao - INFO - user_dao:38 -  user 1
2025-06-27 14:22:02 - dao.user_dao - INFO - user_dao:49 - new user has been created,waiting for writing
2025-06-27 14:22:02 - dao.user_dao - INFO - user_dao:53 - ”√ªß¥¥Ω®≥…π¶: ID=3, ”√ªß√˚=admin, ” œ‰=2074437070@qq.com
2025-06-27 14:22:02 - werkzeug - INFO - _internal:97 - 127.0.0.1 - - [27/Jun/2025 14:22:02] "[35m[1mPOST /api/user/register HTTP/1.1[0m" 201 -
2025-06-27 14:27:09 - werkzeug - INFO - _internal:97 - 127.0.0.1 - - [27/Jun/2025 14:27:09] "OPTIONS /api/user/register HTTP/1.1" 200 -
2025-06-27 14:27:09 - root - INFO - user_controller:142 - 111111111111: admin
2025-06-27 14:27:10 - root - INFO - user_controller:147 - √‹¬Îº”√‹≥…π¶
2025-06-27 14:27:10 - root - INFO - user_service:13 - user_service use rgister
2025-06-27 14:27:10 - dao.user_dao - INFO - user_dao:29 - make new user: admin
2025-06-27 14:27:10 - dao.user_dao - INFO - user_dao:34 -  user has exist
2025-06-27 14:27:10 - dao.user_dao - INFO - user_dao:38 -  user 1
2025-06-27 14:27:10 - dao.user_dao - INFO - user_dao:49 - new user has been created,waiting for writing
2025-06-27 14:27:10 - dao.user_dao - INFO - user_dao:53 - ”√ªß¥¥Ω®≥…π¶: ID=4, ”√ªß√˚=admin, ” œ‰=2074437070@qq.com
2025-06-27 14:27:10 - werkzeug - INFO - _internal:97 - 127.0.0.1 - - [27/Jun/2025 14:27:10] "[35m[1mPOST /api/user/register HTTP/1.1[0m" 201 -
2025-06-27 14:39:21 - werkzeug - INFO - _internal:97 - 127.0.0.1 - - [27/Jun/2025 14:39:21] "OPTIONS /api/user/login HTTP/1.1" 200 -
2025-06-27 14:39:21 - werkzeug - INFO - _internal:97 - 127.0.0.1 - - [27/Jun/2025 14:39:21] "[31m[1mPOST /api/user/login HTTP/1.1[0m" 400 -
2025-06-27 14:39:33 - werkzeug - INFO - _internal:97 - 127.0.0.1 - - [27/Jun/2025 14:39:33] "OPTIONS /api/user/login HTTP/1.1" 200 -
2025-06-27 14:39:34 - werkzeug - INFO - _internal:97 - 127.0.0.1 - - [27/Jun/2025 14:39:34] "[31m[1mPOST /api/user/login HTTP/1.1[0m" 400 -
2025-06-27 14:42:29 - werkzeug - INFO - _internal:97 -  * Detected change in 'D:\\2025shixun\\papertools\\backend\\controller\\user_controller.py', reloading
2025-06-27 14:42:29 - werkzeug - INFO - _internal:97 -  * Restarting with stat
2025-06-27 14:42:30 - werkzeug - WARNING - _internal:97 -  * Debugger is active!
2025-06-27 14:42:30 - werkzeug - INFO - _internal:97 -  * Debugger PIN: 262-340-303
2025-06-27 14:42:34 - werkzeug - INFO - _internal:97 - 127.0.0.1 - - [27/Jun/2025 14:42:34] "OPTIONS /api/user/login HTTP/1.1" 200 -
2025-06-27 14:42:34 - werkzeug - INFO - _internal:97 - 127.0.0.1 - - [27/Jun/2025 14:42:34] "[31m[1mPOST /api/user/login HTTP/1.1[0m" 400 -
2025-06-27 14:42:35 - werkzeug - INFO - _internal:97 - 127.0.0.1 - - [27/Jun/2025 14:42:35] "[31m[1mPOST /api/user/login HTTP/1.1[0m" 400 -
2025-06-27 14:48:24 - werkzeug - INFO - _internal:97 - 127.0.0.1 - - [27/Jun/2025 14:48:24] "OPTIONS /api/user/login HTTP/1.1" 200 -
2025-06-27 14:48:24 - werkzeug - INFO - _internal:97 - 127.0.0.1 - - [27/Jun/2025 14:48:24] "[31m[1mPOST /api/user/login HTTP/1.1[0m" 400 -
2025-06-27 14:48:25 - werkzeug - INFO - _internal:97 - 127.0.0.1 - - [27/Jun/2025 14:48:25] "[31m[1mPOST /api/user/login HTTP/1.1[0m" 400 -
2025-06-27 14:49:58 - werkzeug - INFO - _internal:97 -  * Detected change in 'D:\\2025shixun\\papertools\\backend\\controller\\user_controller.py', reloading
2025-06-27 14:49:58 - werkzeug - INFO - _internal:97 -  * Restarting with stat
2025-06-27 14:49:59 - werkzeug - WARNING - _internal:97 -  * Debugger is active!
2025-06-27 14:49:59 - werkzeug - INFO - _internal:97 -  * Debugger PIN: 262-340-303
2025-06-27 14:50:16 - werkzeug - INFO - _internal:97 -  * Detected change in 'D:\\2025shixun\\papertools\\backend\\controller\\user_controller.py', reloading
2025-06-27 14:50:16 - werkzeug - INFO - _internal:97 -  * Restarting with stat
2025-06-27 14:50:17 - werkzeug - WARNING - _internal:97 -  * Debugger is active!
2025-06-27 14:50:17 - werkzeug - INFO - _internal:97 -  * Debugger PIN: 262-340-303
2025-06-27 14:50:34 - werkzeug - INFO - _internal:97 - 127.0.0.1 - - [27/Jun/2025 14:50:34] "OPTIONS /api/user/login HTTP/1.1" 200 -
2025-06-27 14:50:34 - werkzeug - INFO - _internal:97 - 127.0.0.1 - - [27/Jun/2025 14:50:34] "[31m[1mPOST /api/user/login HTTP/1.1[0m" 400 -
2025-06-27 14:50:46 - werkzeug - INFO - _internal:97 - 127.0.0.1 - - [27/Jun/2025 14:50:46] "OPTIONS /api/user/login HTTP/1.1" 200 -
2025-06-27 14:50:46 - werkzeug - INFO - _internal:97 - 127.0.0.1 - - [27/Jun/2025 14:50:46] "[31m[1mPOST /api/user/login HTTP/1.1[0m" 400 -
2025-06-27 14:50:47 - werkzeug - INFO - _internal:97 - 127.0.0.1 - - [27/Jun/2025 14:50:47] "[31m[1mPOST /api/user/login HTTP/1.1[0m" 400 -
2025-06-27 14:50:48 - werkzeug - INFO - _internal:97 - 127.0.0.1 - - [27/Jun/2025 14:50:48] "[31m[1mPOST /api/user/login HTTP/1.1[0m" 400 -
2025-06-27 14:51:05 - werkzeug - INFO - _internal:97 - 127.0.0.1 - - [27/Jun/2025 14:51:05] "OPTIONS /api/user/login HTTP/1.1" 200 -
2025-06-27 14:51:05 - werkzeug - INFO - _internal:97 - 127.0.0.1 - - [27/Jun/2025 14:51:05] "[31m[1mPOST /api/user/login HTTP/1.1[0m" 400 -
2025-06-27 14:52:51 - werkzeug - INFO - _internal:97 -  * Detected change in 'D:\\2025shixun\\papertools\\backend\\controller\\user_controller.py', reloading
2025-06-27 14:52:51 - werkzeug - INFO - _internal:97 -  * Restarting with stat
2025-06-27 14:52:52 - werkzeug - WARNING - _internal:97 -  * Debugger is active!
2025-06-27 14:52:52 - werkzeug - INFO - _internal:97 -  * Debugger PIN: 262-340-303
2025-06-27 14:52:56 - werkzeug - INFO - _internal:97 - 127.0.0.1 - - [27/Jun/2025 14:52:56] "OPTIONS /api/user/login HTTP/1.1" 200 -
2025-06-27 14:52:57 - root - INFO - user_controller:239 - 111111111111: None
2025-06-27 14:52:57 - werkzeug - INFO - _internal:97 - 127.0.0.1 - - [27/Jun/2025 14:52:57] "[31m[1mPOST /api/user/login HTTP/1.1[0m" 400 -
2025-06-27 14:54:11 - werkzeug - INFO - _internal:97 -  * Detected change in 'D:\\2025shixun\\papertools\\backend\\controller\\user_controller.py', reloading
2025-06-27 14:54:11 - werkzeug - INFO - _internal:97 -  * Restarting with stat
2025-06-27 14:54:12 - werkzeug - WARNING - _internal:97 -  * Debugger is active!
2025-06-27 14:54:12 - werkzeug - INFO - _internal:97 -  * Debugger PIN: 262-340-303
2025-06-27 14:54:14 - werkzeug - INFO - _internal:97 - 127.0.0.1 - - [27/Jun/2025 14:54:14] "OPTIONS /api/user/login HTTP/1.1" 200 -
2025-06-27 14:54:14 - root - INFO - user_controller:239 - : None
2025-06-27 14:54:14 - werkzeug - INFO - _internal:97 - 127.0.0.1 - - [27/Jun/2025 14:54:14] "[31m[1mPOST /api/user/login HTTP/1.1[0m" 400 -
2025-06-27 14:56:22 - werkzeug - INFO - _internal:97 -  * Detected change in 'D:\\2025shixun\\papertools\\backend\\controller\\user_controller.py', reloading
2025-06-27 14:56:22 - werkzeug - INFO - _internal:97 -  * Restarting with stat
2025-06-27 14:56:23 - werkzeug - WARNING - _internal:97 -  * Debugger is active!
2025-06-27 14:56:23 - werkzeug - INFO - _internal:97 -  * Debugger PIN: 262-340-303
2025-06-27 14:56:26 - werkzeug - INFO - _internal:97 - 127.0.0.1 - - [27/Jun/2025 14:56:26] "OPTIONS /api/user/login HTTP/1.1" 200 -
2025-06-27 14:56:27 - root - INFO - user_controller:239 - ¥¶¿Ì ˝æ›: None
2025-06-27 14:56:27 - werkzeug - INFO - _internal:97 - 127.0.0.1 - - [27/Jun/2025 14:56:27] "[31m[1mPOST /api/user/login HTTP/1.1[0m" 400 -
2025-06-27 15:15:12 - werkzeug - INFO - _internal:97 -  * Detected change in 'D:\\2025shixun\\papertools\\backend\\controller\\user_controller.py', reloading
2025-06-27 15:15:12 - werkzeug - INFO - _internal:97 -  * Restarting with stat
2025-06-27 15:15:13 - werkzeug - WARNING - _internal:97 -  * Debugger is active!
2025-06-27 15:15:13 - werkzeug - INFO - _internal:97 -  * Debugger PIN: 262-340-303
2025-06-27 15:15:40 - werkzeug - INFO - _internal:97 -  * Detected change in 'D:\\2025shixun\\papertools\\backend\\service\\user_service.py', reloading
2025-06-27 15:15:40 - werkzeug - INFO - _internal:97 -  * Restarting with stat
2025-06-27 15:15:41 - werkzeug - WARNING - _internal:97 -  * Debugger is active!
2025-06-27 15:15:41 - werkzeug - INFO - _internal:97 -  * Debugger PIN: 262-340-303
2025-06-27 15:15:58 - werkzeug - INFO - _internal:97 - 127.0.0.1 - - [27/Jun/2025 15:15:58] "OPTIONS /api/user/login HTTP/1.1" 200 -
2025-06-27 15:15:58 - root - INFO - user_controller:239 - ¥¶¿Ì ˝æ›: 2074437070@qq.com
2025-06-27 15:15:58 - dao.user_dao - INFO - user_dao:20 - check user
2025-06-27 15:15:58 - app - ERROR - user_controller:284 - µ«¬º¥ÌŒÛ: 'User' object has no attribute 'password'
2025-06-27 15:15:58 - werkzeug - INFO - _internal:97 - 127.0.0.1 - - [27/Jun/2025 15:15:58] "[35m[1mPOST /api/user/login HTTP/1.1[0m" 500 -
2025-06-27 15:18:00 - werkzeug - INFO - _internal:97 - 127.0.0.1 - - [27/Jun/2025 15:18:00] "OPTIONS /api/user/login HTTP/1.1" 200 -
2025-06-27 15:18:00 - root - INFO - user_controller:239 - ¥¶¿Ì ˝æ›: 2074437070@qq.com
2025-06-27 15:18:00 - dao.user_dao - INFO - user_dao:20 - check user
2025-06-27 15:18:00 - app - ERROR - user_controller:284 - µ«¬º¥ÌŒÛ: 'User' object has no attribute 'password'
2025-06-27 15:18:00 - werkzeug - INFO - _internal:97 - 127.0.0.1 - - [27/Jun/2025 15:18:00] "[35m[1mPOST /api/user/login HTTP/1.1[0m" 500 -
2025-06-27 15:19:52 - werkzeug - INFO - _internal:97 - 127.0.0.1 - - [27/Jun/2025 15:19:52] "OPTIONS /api/user/login HTTP/1.1" 200 -
2025-06-27 15:19:52 - root - INFO - user_controller:239 - ¥¶¿Ì ˝æ›: 2074437070@qq.com
2025-06-27 15:19:52 - dao.user_dao - INFO - user_dao:20 - check user
2025-06-27 15:19:52 - app - ERROR - user_controller:284 - µ«¬º¥ÌŒÛ: 'User' object has no attribute 'password'
2025-06-27 15:19:52 - werkzeug - INFO - _internal:97 - 127.0.0.1 - - [27/Jun/2025 15:19:52] "[35m[1mPOST /api/user/login HTTP/1.1[0m" 500 -
2025-06-27 15:21:16 - werkzeug - INFO - _internal:97 - 127.0.0.1 - - [27/Jun/2025 15:21:16] "OPTIONS /api/user/login HTTP/1.1" 200 -
2025-06-27 15:21:16 - root - INFO - user_controller:239 - ¥¶¿Ì ˝æ›: 2074437070@qq.com
2025-06-27 15:21:16 - dao.user_dao - INFO - user_dao:20 - check user
2025-06-27 15:21:16 - app - ERROR - user_controller:284 - µ«¬º¥ÌŒÛ: 'User' object has no attribute 'password'
2025-06-27 15:21:16 - werkzeug - INFO - _internal:97 - 127.0.0.1 - - [27/Jun/2025 15:21:16] "[35m[1mPOST /api/user/login HTTP/1.1[0m" 500 -
2025-06-27 15:23:31 - werkzeug - INFO - _internal:97 - 127.0.0.1 - - [27/Jun/2025 15:23:31] "OPTIONS /api/user/login HTTP/1.1" 200 -
2025-06-27 15:23:31 - root - INFO - user_controller:239 - ¥¶¿Ì ˝æ›: 2074437070@qq.com
2025-06-27 15:23:31 - dao.user_dao - INFO - user_dao:20 - check user
2025-06-27 15:23:31 - app - ERROR - user_controller:284 - µ«¬º¥ÌŒÛ: 'User' object has no attribute 'password'
2025-06-27 15:23:31 - werkzeug - INFO - _internal:97 - 127.0.0.1 - - [27/Jun/2025 15:23:31] "[35m[1mPOST /api/user/login HTTP/1.1[0m" 500 -
2025-06-27 15:24:44 - werkzeug - INFO - _internal:97 - 127.0.0.1 - - [27/Jun/2025 15:24:44] "OPTIONS /api/user/login HTTP/1.1" 200 -
2025-06-27 15:24:45 - root - INFO - user_controller:239 - ¥¶¿Ì ˝æ›: 2074437070@qq.com
2025-06-27 15:24:45 - dao.user_dao - INFO - user_dao:20 - check user
2025-06-27 15:24:45 - app - ERROR - user_controller:284 - µ«¬º¥ÌŒÛ: 'User' object has no attribute 'password'
2025-06-27 15:24:45 - werkzeug - INFO - _internal:97 - 127.0.0.1 - - [27/Jun/2025 15:24:45] "[35m[1mPOST /api/user/login HTTP/1.1[0m" 500 -
2025-06-27 15:25:10 - werkzeug - INFO - _internal:97 - [31m[1mWARNING: This is a development server. Do not use it in a production deployment. Use a production WSGI server instead.[0m
 * Running on http://127.0.0.1:5000
2025-06-27 15:25:10 - werkzeug - INFO - _internal:97 - [33mPress CTRL+C to quit[0m
2025-06-27 15:25:10 - werkzeug - INFO - _internal:97 -  * Restarting with stat
2025-06-27 15:25:11 - werkzeug - WARNING - _internal:97 -  * Debugger is active!
2025-06-27 15:25:11 - werkzeug - INFO - _internal:97 -  * Debugger PIN: 262-340-303
2025-06-27 15:25:44 - werkzeug - INFO - _internal:97 - 127.0.0.1 - - [27/Jun/2025 15:25:44] "OPTIONS /api/user/login HTTP/1.1" 200 -
2025-06-27 15:25:44 - root - INFO - user_controller:239 - ¥¶¿Ì ˝æ›: 2074437070@qq.com
2025-06-27 15:25:44 - dao.user_dao - INFO - user_dao:20 - check user
2025-06-27 15:25:44 - app - ERROR - user_controller:284 - µ«¬º¥ÌŒÛ: 'User' object has no attribute 'password'
2025-06-27 15:25:44 - werkzeug - INFO - _internal:97 - 127.0.0.1 - - [27/Jun/2025 15:25:44] "[35m[1mPOST /api/user/login HTTP/1.1[0m" 500 -
2025-06-27 15:26:06 - werkzeug - INFO - _internal:97 - 127.0.0.1 - - [27/Jun/2025 15:26:06] "OPTIONS /api/user/login HTTP/1.1" 200 -
2025-06-27 15:26:07 - root - INFO - user_controller:239 - ¥¶¿Ì ˝æ›: 2074437070@qq.com
2025-06-27 15:26:07 - dao.user_dao - INFO - user_dao:20 - check user
2025-06-27 15:26:07 - app - ERROR - user_controller:284 - µ«¬º¥ÌŒÛ: 'User' object has no attribute 'password'
2025-06-27 15:26:07 - werkzeug - INFO - _internal:97 - 127.0.0.1 - - [27/Jun/2025 15:26:07] "[35m[1mPOST /api/user/login HTTP/1.1[0m" 500 -
2025-06-27 15:30:26 - werkzeug - INFO - _internal:97 -  * Detected change in 'D:\\2025shixun\\papertools\\backend\\controller\\user_controller.py', reloading
2025-06-27 15:30:27 - werkzeug - INFO - _internal:97 -  * Restarting with stat
2025-06-27 15:30:28 - werkzeug - WARNING - _internal:97 -  * Debugger is active!
2025-06-27 15:30:28 - werkzeug - INFO - _internal:97 -  * Debugger PIN: 262-340-303
2025-06-27 15:45:47 - werkzeug - INFO - _internal:97 - [31m[1mWARNING: This is a development server. Do not use it in a production deployment. Use a production WSGI server instead.[0m
 * Running on http://127.0.0.1:5000
2025-06-27 15:45:47 - werkzeug - INFO - _internal:97 - [33mPress CTRL+C to quit[0m
2025-06-27 15:45:47 - werkzeug - INFO - _internal:97 -  * Restarting with stat
2025-06-27 15:45:48 - werkzeug - WARNING - _internal:97 -  * Debugger is active!
2025-06-27 15:45:48 - werkzeug - INFO - _internal:97 -  * Debugger PIN: 262-340-303
2025-06-27 15:47:03 - werkzeug - INFO - _internal:97 - 127.0.0.1 - - [27/Jun/2025 15:47:03] "OPTIONS /api/user/login HTTP/1.1" 200 -
2025-06-27 15:47:03 - root - INFO - user_controller:239 - ¥¶¿Ì ˝æ›: 2074437070@qq.com
2025-06-27 15:47:03 - dao.user_dao - INFO - user_dao:20 - check user
2025-06-27 15:47:03 - app - ERROR - user_controller:288 - µ«¬ºπ˝≥Ã÷–∑¢…˙“‚Õ‚¥ÌŒÛ
Traceback (most recent call last):
  File "D:\2025shixun\papertools\backend\controller\user_controller.py", line 247, in login
    user = user_service.login(data.get('email'), data.get('password'))
  File "D:\2025shixun\papertools\backend\service\user_service.py", line 46, in login
    if not self.user_dao.verify_password(password, user.password):
                                                   ^^^^^^^^^^^^^
AttributeError: 'User' object has no attribute 'password'
2025-06-27 15:47:03 - werkzeug - INFO - _internal:97 - 127.0.0.1 - - [27/Jun/2025 15:47:03] "[35m[1mPOST /api/user/login HTTP/1.1[0m" 500 -
2025-06-27 15:58:22 - werkzeug - INFO - _internal:97 - [31m[1mWARNING: This is a development server. Do not use it in a production deployment. Use a production WSGI server instead.[0m
 * Running on http://127.0.0.1:5000
2025-06-27 15:58:22 - werkzeug - INFO - _internal:97 - [33mPress CTRL+C to quit[0m
2025-06-27 15:58:22 - werkzeug - INFO - _internal:97 -  * Restarting with stat
2025-06-27 15:58:23 - werkzeug - WARNING - _internal:97 -  * Debugger is active!
2025-06-27 15:58:23 - werkzeug - INFO - _internal:97 -  * Debugger PIN: 262-340-303
2025-06-27 16:20:46 - werkzeug - INFO - _internal:97 - [31m[1mWARNING: This is a development server. Do not use it in a production deployment. Use a production WSGI server instead.[0m
 * Running on http://127.0.0.1:5000
2025-06-27 16:20:46 - werkzeug - INFO - _internal:97 - [33mPress CTRL+C to quit[0m
2025-06-27 16:20:46 - werkzeug - INFO - _internal:97 -  * Restarting with stat
2025-06-27 16:20:47 - werkzeug - WARNING - _internal:97 -  * Debugger is active!
2025-06-27 16:20:47 - werkzeug - INFO - _internal:97 -  * Debugger PIN: 262-340-303
2025-06-27 16:20:50 - werkzeug - INFO - _internal:97 - 127.0.0.1 - - [27/Jun/2025 16:20:50] "OPTIONS /api/user/register HTTP/1.1" 200 -
2025-06-27 16:20:50 - root - INFO - user_controller:142 - 111111111111: lmklmk666
2025-06-27 16:20:51 - root - INFO - user_controller:147 - √‹¬Îº”√‹≥…π¶
2025-06-27 16:20:51 - root - INFO - user_service:13 - user_service use rgister
2025-06-27 16:20:51 - dao.user_dao - INFO - user_dao:29 - make new user: lmklmk666
2025-06-27 16:20:51 - dao.user_dao - INFO - user_dao:34 -  user has exist
2025-06-27 16:20:51 - dao.user_dao - INFO - user_dao:38 -  user 1
2025-06-27 16:20:51 - dao.user_dao - INFO - user_dao:49 - new user has been created,waiting for writing
2025-06-27 16:20:51 - dao.user_dao - INFO - user_dao:53 - ”√ªß¥¥Ω®≥…π¶: ID=5, ”√ªß√˚=lmklmk666, ” œ‰=lein94255@gmail.com
2025-06-27 16:20:51 - werkzeug - INFO - _internal:97 - 127.0.0.1 - - [27/Jun/2025 16:20:51] "[35m[1mPOST /api/user/register HTTP/1.1[0m" 201 -
2025-06-27 16:21:17 - werkzeug - INFO - _internal:97 - 127.0.0.1 - - [27/Jun/2025 16:21:17] "OPTIONS /api/user/register HTTP/1.1" 200 -
2025-06-27 16:21:17 - root - INFO - user_controller:142 - 111111111111: lmk666
2025-06-27 16:21:17 - root - INFO - user_controller:147 - √‹¬Îº”√‹≥…π¶
2025-06-27 16:21:17 - root - INFO - user_service:13 - user_service use rgister
2025-06-27 16:21:17 - dao.user_dao - INFO - user_dao:29 - make new user: lmk666
2025-06-27 16:21:17 - dao.user_dao - INFO - user_dao:34 -  user has exist
2025-06-27 16:21:17 - dao.user_dao - INFO - user_dao:38 -  user 1
2025-06-27 16:21:18 - werkzeug - INFO - _internal:97 - 127.0.0.1 - - [27/Jun/2025 16:21:18] "[35m[1mPOST /api/user/register HTTP/1.1[0m" 500 -
2025-06-27 16:21:23 - werkzeug - INFO - _internal:97 - 127.0.0.1 - - [27/Jun/2025 16:21:23] "OPTIONS /api/user/register HTTP/1.1" 200 -
2025-06-27 16:21:23 - root - INFO - user_controller:142 - 111111111111: lmk666
2025-06-27 16:21:23 - root - INFO - user_controller:147 - √‹¬Îº”√‹≥…π¶
2025-06-27 16:21:23 - root - INFO - user_service:13 - user_service use rgister
2025-06-27 16:21:23 - dao.user_dao - INFO - user_dao:29 - make new user: lmk666
2025-06-27 16:21:23 - dao.user_dao - INFO - user_dao:34 -  user has exist
2025-06-27 16:21:23 - dao.user_dao - INFO - user_dao:38 -  user 1
2025-06-27 16:21:23 - werkzeug - INFO - _internal:97 - 127.0.0.1 - - [27/Jun/2025 16:21:23] "[35m[1mPOST /api/user/register HTTP/1.1[0m" 500 -
2025-06-27 16:21:23 - root - INFO - user_controller:142 - 111111111111: lmk666
2025-06-27 16:21:23 - root - INFO - user_controller:147 - √‹¬Îº”√‹≥…π¶
2025-06-27 16:21:23 - root - INFO - user_service:13 - user_service use rgister
2025-06-27 16:21:23 - dao.user_dao - INFO - user_dao:29 - make new user: lmk666
2025-06-27 16:21:23 - dao.user_dao - INFO - user_dao:34 -  user has exist
2025-06-27 16:21:23 - dao.user_dao - INFO - user_dao:38 -  user 1
2025-06-27 16:21:23 - werkzeug - INFO - _internal:97 - 127.0.0.1 - - [27/Jun/2025 16:21:23] "[35m[1mPOST /api/user/register HTTP/1.1[0m" 500 -
2025-06-27 16:21:23 - root - INFO - user_controller:142 - 111111111111: lmk666
2025-06-27 16:21:23 - root - INFO - user_controller:147 - √‹¬Îº”√‹≥…π¶
2025-06-27 16:21:23 - root - INFO - user_service:13 - user_service use rgister
2025-06-27 16:21:23 - dao.user_dao - INFO - user_dao:29 - make new user: lmk666
2025-06-27 16:21:23 - dao.user_dao - INFO - user_dao:34 -  user has exist
2025-06-27 16:21:23 - dao.user_dao - INFO - user_dao:38 -  user 1
2025-06-27 16:21:23 - werkzeug - INFO - _internal:97 - 127.0.0.1 - - [27/Jun/2025 16:21:23] "[35m[1mPOST /api/user/register HTTP/1.1[0m" 500 -
2025-06-27 16:21:23 - root - INFO - user_controller:142 - 111111111111: lmk666
2025-06-27 16:21:24 - root - INFO - user_controller:147 - √‹¬Îº”√‹≥…π¶
2025-06-27 16:21:24 - root - INFO - user_service:13 - user_service use rgister
2025-06-27 16:21:24 - dao.user_dao - INFO - user_dao:29 - make new user: lmk666
2025-06-27 16:21:24 - dao.user_dao - INFO - user_dao:34 -  user has exist
2025-06-27 16:21:24 - dao.user_dao - INFO - user_dao:38 -  user 1
2025-06-27 16:21:24 - werkzeug - INFO - _internal:97 - 127.0.0.1 - - [27/Jun/2025 16:21:24] "[35m[1mPOST /api/user/register HTTP/1.1[0m" 500 -
2025-06-27 16:21:24 - root - INFO - user_controller:142 - 111111111111: lmk666
2025-06-27 16:21:24 - root - INFO - user_controller:147 - √‹¬Îº”√‹≥…π¶
2025-06-27 16:21:24 - root - INFO - user_service:13 - user_service use rgister
2025-06-27 16:21:24 - dao.user_dao - INFO - user_dao:29 - make new user: lmk666
2025-06-27 16:21:24 - dao.user_dao - INFO - user_dao:34 -  user has exist
2025-06-27 16:21:24 - dao.user_dao - INFO - user_dao:38 -  user 1
2025-06-27 16:21:24 - werkzeug - INFO - _internal:97 - 127.0.0.1 - - [27/Jun/2025 16:21:24] "[35m[1mPOST /api/user/register HTTP/1.1[0m" 500 -
2025-06-27 16:26:47 - werkzeug - INFO - _internal:97 - 127.0.0.1 - - [27/Jun/2025 16:26:47] "OPTIONS /api/user/register HTTP/1.1" 200 -
2025-06-27 16:26:47 - root - INFO - user_controller:142 - 111111111111: lmkno1
2025-06-27 16:26:47 - root - INFO - user_controller:147 - √‹¬Îº”√‹≥…π¶
2025-06-27 16:26:47 - root - INFO - user_service:13 - user_service use rgister
2025-06-27 16:26:47 - dao.user_dao - INFO - user_dao:29 - make new user: lmkno1
2025-06-27 16:26:47 - dao.user_dao - INFO - user_dao:34 -  user has exist
2025-06-27 16:26:47 - dao.user_dao - INFO - user_dao:38 -  user 1
2025-06-27 16:26:47 - dao.user_dao - INFO - user_dao:49 - new user has been created,waiting for writing
2025-06-27 16:26:47 - dao.user_dao - INFO - user_dao:53 - ”√ªß¥¥Ω®≥…π¶: ID=12, ”√ªß√˚=lmkno1, ” œ‰=admin@concordcloud.com
2025-06-27 16:26:47 - werkzeug - INFO - _internal:97 - 127.0.0.1 - - [27/Jun/2025 16:26:47] "[35m[1mPOST /api/user/register HTTP/1.1[0m" 201 -
2025-06-27 16:27:04 - werkzeug - INFO - _internal:97 - 127.0.0.1 - - [27/Jun/2025 16:27:04] "OPTIONS /api/user/login HTTP/1.1" 200 -
2025-06-27 16:27:05 - root - INFO - user_controller:239 - ¥¶¿Ì ˝æ›: 2074437070@qq.com
2025-06-27 16:27:05 - dao.user_dao - INFO - user_dao:20 - check user
2025-06-27 16:27:05 - app - ERROR - user_controller:288 - µ«¬ºπ˝≥Ã÷–∑¢…˙“‚Õ‚¥ÌŒÛ
Traceback (most recent call last):
  File "D:\2025shixun\papertools\backend\controller\user_controller.py", line 247, in login
    user = user_service.login(data.get('email'), data.get('password'))
  File "D:\2025shixun\papertools\backend\service\user_service.py", line 46, in login
    if not self.user_dao.verify_password(password, user.password):
                                                   ^^^^^^^^^^^^^
AttributeError: 'User' object has no attribute 'password'
2025-06-27 16:27:05 - werkzeug - INFO - _internal:97 - 127.0.0.1 - - [27/Jun/2025 16:27:05] "[35m[1mPOST /api/user/login HTTP/1.1[0m" 500 -
2025-06-27 16:29:36 - werkzeug - INFO - _internal:97 -  * Detected change in 'D:\\2025shixun\\papertools\\backend\\service\\user_service.py', reloading
2025-06-27 16:29:36 - werkzeug - INFO - _internal:97 -  * Restarting with stat
2025-06-27 16:29:38 - werkzeug - WARNING - _internal:97 -  * Debugger is active!
2025-06-27 16:29:38 - werkzeug - INFO - _internal:97 -  * Debugger PIN: 262-340-303
2025-06-27 16:30:21 - werkzeug - INFO - _internal:97 -  * Detected change in 'D:\\2025shixun\\papertools\\backend\\dao\\user_dao.py', reloading
2025-06-27 16:30:21 - werkzeug - INFO - _internal:97 -  * Restarting with stat
2025-06-27 16:30:22 - werkzeug - WARNING - _internal:97 -  * Debugger is active!
2025-06-27 16:30:22 - werkzeug - INFO - _internal:97 -  * Debugger PIN: 262-340-303
2025-06-27 16:32:52 - werkzeug - INFO - _internal:97 -  * Detected change in 'D:\\2025shixun\\papertools\\backend\\dao\\user_dao.py', reloading
2025-06-27 16:32:52 - werkzeug - INFO - _internal:97 -  * Restarting with stat
2025-06-27 16:32:53 - werkzeug - WARNING - _internal:97 -  * Debugger is active!
2025-06-27 16:32:53 - werkzeug - INFO - _internal:97 -  * Debugger PIN: 262-340-303
2025-06-27 16:34:50 - werkzeug - INFO - _internal:97 - [31m[1mWARNING: This is a development server. Do not use it in a production deployment. Use a production WSGI server instead.[0m
 * Running on http://127.0.0.1:5000
2025-06-27 16:34:50 - werkzeug - INFO - _internal:97 - [33mPress CTRL+C to quit[0m
2025-06-27 16:34:50 - werkzeug - INFO - _internal:97 -  * Restarting with stat
2025-06-27 16:34:51 - werkzeug - WARNING - _internal:97 -  * Debugger is active!
2025-06-27 16:34:51 - werkzeug - INFO - _internal:97 -  * Debugger PIN: 262-340-303
2025-06-27 16:36:08 - werkzeug - INFO - _internal:97 - 127.0.0.1 - - [27/Jun/2025 16:36:08] "OPTIONS /api/user/login HTTP/1.1" 200 -
2025-06-27 16:36:08 - root - INFO - user_controller:239 - ¥¶¿Ì ˝æ›: 2074437070@qq.com
2025-06-27 16:36:08 - dao.user_dao - INFO - user_dao:21 - check user
2025-06-27 16:36:08 - app - ERROR - user_controller:288 - µ«¬ºπ˝≥Ã÷–∑¢…˙“‚Õ‚¥ÌŒÛ
Traceback (most recent call last):
  File "D:\2025shixun\papertools\backend\controller\user_controller.py", line 247, in login
    user = user_service.login(data.get('email'), data.get('password'))
  File "D:\2025shixun\papertools\backend\service\user_service.py", line 48, in login
    if not self.user_dao.verify_password(password, user.password_hash):
           ~~~~~~~~~~~~~~~~~~~~~~~~~~~~~^^^^^^^^^^^^^^^^^^^^^^^^^^^^^^
  File "D:\2025shixun\papertools\backend\dao\user_dao.py", line 67, in verify_password
    return bcrypt.checkpw(
           ~~~~~~~~~~~~~~^
        plain_password.encode('utf-8'),
        ^^^^^^^^^^^^^^^^^^^^^^^^^^^^^^^
        hashed_password.encode('utf-8')
        ^^^^^^^^^^^^^^^^^^^^^^^^^^^^^^^
    )
    ^
ValueError: Invalid salt
2025-06-27 16:36:08 - werkzeug - INFO - _internal:97 - 127.0.0.1 - - [27/Jun/2025 16:36:08] "[35m[1mPOST /api/user/login HTTP/1.1[0m" 500 -
2025-06-27 16:39:13 - werkzeug - INFO - _internal:97 - 127.0.0.1 - - [27/Jun/2025 16:39:13] "OPTIONS /api/user/login HTTP/1.1" 200 -
2025-06-27 16:39:14 - root - INFO - user_controller:239 - ¥¶¿Ì ˝æ›: 2074437070@qq.com
2025-06-27 16:39:14 - dao.user_dao - INFO - user_dao:21 - check user
2025-06-27 16:39:14 - app - ERROR - user_controller:288 - µ«¬ºπ˝≥Ã÷–∑¢…˙“‚Õ‚¥ÌŒÛ
Traceback (most recent call last):
  File "D:\2025shixun\papertools\backend\controller\user_controller.py", line 247, in login
    user = user_service.login(data.get('email'), data.get('password'))
  File "D:\2025shixun\papertools\backend\service\user_service.py", line 48, in login
    if not self.user_dao.verify_password(password, user.password_hash):
           ~~~~~~~~~~~~~~~~~~~~~~~~~~~~~^^^^^^^^^^^^^^^^^^^^^^^^^^^^^^
  File "D:\2025shixun\papertools\backend\dao\user_dao.py", line 67, in verify_password
    return bcrypt.checkpw(
           ~~~~~~~~~~~~~~^
        plain_password.encode('utf-8'),
        ^^^^^^^^^^^^^^^^^^^^^^^^^^^^^^^
        hashed_password.encode('utf-8')
        ^^^^^^^^^^^^^^^^^^^^^^^^^^^^^^^
    )
    ^
ValueError: Invalid salt
2025-06-27 16:39:14 - werkzeug - INFO - _internal:97 - 127.0.0.1 - - [27/Jun/2025 16:39:14] "[35m[1mPOST /api/user/login HTTP/1.1[0m" 500 -
2025-06-27 16:44:43 - werkzeug - INFO - _internal:97 - 127.0.0.1 - - [27/Jun/2025 16:44:43] "OPTIONS /api/user/login HTTP/1.1" 200 -
2025-06-27 16:44:43 - root - INFO - user_controller:239 - ¥¶¿Ì ˝æ›: 2074437070@qq.com
2025-06-27 16:44:43 - dao.user_dao - INFO - user_dao:21 - check user
2025-06-27 16:44:43 - app - ERROR - user_controller:288 - µ«¬ºπ˝≥Ã÷–∑¢…˙“‚Õ‚¥ÌŒÛ
Traceback (most recent call last):
  File "D:\2025shixun\papertools\backend\controller\user_controller.py", line 247, in login
    user = user_service.login(data.get('email'), data.get('password'))
  File "D:\2025shixun\papertools\backend\service\user_service.py", line 48, in login
    if not self.user_dao.verify_password(password, user.password_hash):
           ~~~~~~~~~~~~~~~~~~~~~~~~~~~~~^^^^^^^^^^^^^^^^^^^^^^^^^^^^^^
  File "D:\2025shixun\papertools\backend\dao\user_dao.py", line 67, in verify_password
    return bcrypt.checkpw(
           ~~~~~~~~~~~~~~^
        plain_password.encode('utf-8'),
        ^^^^^^^^^^^^^^^^^^^^^^^^^^^^^^^
        hashed_password.encode('utf-8')
        ^^^^^^^^^^^^^^^^^^^^^^^^^^^^^^^
    )
    ^
ValueError: Invalid salt
2025-06-27 16:44:43 - werkzeug - INFO - _internal:97 - 127.0.0.1 - - [27/Jun/2025 16:44:43] "[35m[1mPOST /api/user/login HTTP/1.1[0m" 500 -
2025-06-27 16:50:46 - werkzeug - INFO - _internal:97 -  * Detected change in 'D:\\2025shixun\\papertools\\backend\\controller\\user_controller.py', reloading
2025-06-27 16:50:46 - werkzeug - INFO - _internal:97 -  * Restarting with stat
2025-06-27 16:50:48 - werkzeug - WARNING - _internal:97 -  * Debugger is active!
2025-06-27 16:50:48 - werkzeug - INFO - _internal:97 -  * Debugger PIN: 262-340-303
2025-06-27 16:51:56 - werkzeug - INFO - _internal:97 -  * Detected change in 'D:\\2025shixun\\papertools\\backend\\controller\\user_controller.py', reloading
2025-06-27 16:51:56 - werkzeug - INFO - _internal:97 -  * Restarting with stat
2025-06-27 16:51:57 - werkzeug - WARNING - _internal:97 -  * Debugger is active!
2025-06-27 16:51:57 - werkzeug - INFO - _internal:97 -  * Debugger PIN: 262-340-303
2025-06-27 16:52:09 - werkzeug - INFO - _internal:97 - 127.0.0.1 - - [27/Jun/2025 16:52:09] "OPTIONS /api/user/login HTTP/1.1" 200 -
2025-06-27 16:52:09 - root - INFO - user_controller:239 - ¥¶¿Ì ˝æ›: 2074437070@qq.com
2025-06-27 16:52:09 - root - INFO - user_controller:240 - ¥¶¿Ì ˝æ›: 123456
2025-06-27 16:52:09 - dao.user_dao - INFO - user_dao:21 - check user
2025-06-27 16:52:09 - app - ERROR - user_controller:289 - µ«¬ºπ˝≥Ã÷–∑¢…˙“‚Õ‚¥ÌŒÛ
Traceback (most recent call last):
  File "D:\2025shixun\papertools\backend\controller\user_controller.py", line 248, in login
    user = user_service.login(data.get('email'), data.get('password'))
  File "D:\2025shixun\papertools\backend\service\user_service.py", line 48, in login
    if not self.user_dao.verify_password(password, user.password_hash):
           ~~~~~~~~~~~~~~~~~~~~~~~~~~~~~^^^^^^^^^^^^^^^^^^^^^^^^^^^^^^
  File "D:\2025shixun\papertools\backend\dao\user_dao.py", line 67, in verify_password
    return bcrypt.checkpw(
           ~~~~~~~~~~~~~~^
        plain_password.encode('utf-8'),
        ^^^^^^^^^^^^^^^^^^^^^^^^^^^^^^^
        hashed_password.encode('utf-8')
        ^^^^^^^^^^^^^^^^^^^^^^^^^^^^^^^
    )
    ^
ValueError: Invalid salt
2025-06-27 16:52:09 - werkzeug - INFO - _internal:97 - 127.0.0.1 - - [27/Jun/2025 16:52:09] "[35m[1mPOST /api/user/login HTTP/1.1[0m" 500 -
2025-06-27 16:59:23 - werkzeug - INFO - _internal:97 -  * Detected change in 'D:\\2025shixun\\papertools\\backend\\service\\user_service.py', reloading
2025-06-27 16:59:23 - werkzeug - INFO - _internal:97 -  * Restarting with stat
2025-06-27 16:59:24 - werkzeug - WARNING - _internal:97 -  * Debugger is active!
2025-06-27 16:59:24 - werkzeug - INFO - _internal:97 -  * Debugger PIN: 262-340-303
2025-06-27 16:59:37 - werkzeug - INFO - _internal:97 - 127.0.0.1 - - [27/Jun/2025 16:59:37] "OPTIONS /api/user/login HTTP/1.1" 200 -
2025-06-27 16:59:37 - root - INFO - user_controller:239 - ¥¶¿Ì ˝æ›: 2074437070@qq.com
2025-06-27 16:59:37 - root - INFO - user_controller:240 - ¥¶¿Ì ˝æ›: 123456
2025-06-27 16:59:37 - dao.user_dao - INFO - user_dao:21 - check user
2025-06-27 16:59:37 - app - ERROR - user_controller:289 - µ«¬ºπ˝≥Ã÷–∑¢…˙“‚Õ‚¥ÌŒÛ
Traceback (most recent call last):
  File "D:\2025shixun\papertools\backend\controller\user_controller.py", line 248, in login
    user = user_service.login(data.get('email'), data.get('password'))
  File "D:\2025shixun\papertools\backend\service\user_service.py", line 48, in login
    if not self.user_dao.verify_password(password, user.password_hash):
           ~~~~~~~~~~~~~~~~~~~~~~~~~~~~~^^^^^^^^^^^^^^^^^^^^^^^^^^^^^^
  File "D:\2025shixun\papertools\backend\dao\user_dao.py", line 67, in verify_password
    return bcrypt.checkpw(
           ~~~~~~~~~~~~~~^
        plain_password.encode('utf-8'),
        ^^^^^^^^^^^^^^^^^^^^^^^^^^^^^^^
        hashed_password.encode('utf-8')
        ^^^^^^^^^^^^^^^^^^^^^^^^^^^^^^^
    )
    ^
ValueError: Invalid salt
2025-06-27 16:59:37 - werkzeug - INFO - _internal:97 - 127.0.0.1 - - [27/Jun/2025 16:59:37] "[35m[1mPOST /api/user/login HTTP/1.1[0m" 500 -
2025-06-27 16:59:40 - root - INFO - user_controller:239 - ¥¶¿Ì ˝æ›: 2074437070@qq.com
2025-06-27 16:59:40 - root - INFO - user_controller:240 - ¥¶¿Ì ˝æ›: 123456
2025-06-27 16:59:40 - dao.user_dao - INFO - user_dao:21 - check user
2025-06-27 16:59:40 - app - ERROR - user_controller:289 - µ«¬ºπ˝≥Ã÷–∑¢…˙“‚Õ‚¥ÌŒÛ
Traceback (most recent call last):
  File "D:\2025shixun\papertools\backend\controller\user_controller.py", line 248, in login
    user = user_service.login(data.get('email'), data.get('password'))
  File "D:\2025shixun\papertools\backend\service\user_service.py", line 48, in login
    if not self.user_dao.verify_password(password, user.password_hash):
           ~~~~~~~~~~~~~~~~~~~~~~~~~~~~~^^^^^^^^^^^^^^^^^^^^^^^^^^^^^^
  File "D:\2025shixun\papertools\backend\dao\user_dao.py", line 67, in verify_password
    return bcrypt.checkpw(
           ~~~~~~~~~~~~~~^
        plain_password.encode('utf-8'),
        ^^^^^^^^^^^^^^^^^^^^^^^^^^^^^^^
        hashed_password.encode('utf-8')
        ^^^^^^^^^^^^^^^^^^^^^^^^^^^^^^^
    )
    ^
ValueError: Invalid salt
2025-06-27 16:59:40 - werkzeug - INFO - _internal:97 - 127.0.0.1 - - [27/Jun/2025 16:59:40] "[35m[1mPOST /api/user/login HTTP/1.1[0m" 500 -
2025-06-27 17:03:53 - werkzeug - INFO - _internal:97 -  * Detected change in 'D:\\2025shixun\\papertools\\backend\\service\\user_service.py', reloading
2025-06-27 17:03:53 - werkzeug - INFO - _internal:97 -  * Restarting with stat
2025-06-27 17:03:54 - werkzeug - WARNING - _internal:97 -  * Debugger is active!
2025-06-27 17:03:54 - werkzeug - INFO - _internal:97 -  * Debugger PIN: 262-340-303
2025-06-27 17:05:15 - werkzeug - INFO - _internal:97 -  * Detected change in 'D:\\2025shixun\\papertools\\backend\\service\\user_service.py', reloading
2025-06-27 17:05:15 - werkzeug - INFO - _internal:97 -  * Restarting with stat
2025-06-27 17:05:16 - werkzeug - WARNING - _internal:97 -  * Debugger is active!
2025-06-27 17:05:16 - werkzeug - INFO - _internal:97 -  * Debugger PIN: 262-340-303
2025-06-27 17:06:05 - werkzeug - INFO - _internal:97 -  * Detected change in 'D:\\2025shixun\\papertools\\backend\\app.py', reloading
2025-06-27 17:06:05 - werkzeug - INFO - _internal:97 -  * Restarting with stat
2025-06-27 17:06:07 - werkzeug - WARNING - _internal:97 -  * Debugger is active!
2025-06-27 17:06:07 - werkzeug - INFO - _internal:97 -  * Debugger PIN: 262-340-303
2025-06-27 17:06:21 - werkzeug - INFO - _internal:97 - 127.0.0.1 - - [27/Jun/2025 17:06:21] "OPTIONS /api/user/login HTTP/1.1" 200 -
2025-06-27 17:06:22 - root - INFO - user_controller:239 - ¥¶¿Ì ˝æ›: 2074437070@qq.com
2025-06-27 17:06:22 - root - INFO - user_controller:240 - ¥¶¿Ì ˝æ›: 123456
2025-06-27 17:06:22 - dao.user_dao - INFO - user_dao:21 - check user
2025-06-27 17:06:22 - app - ERROR - user_controller:289 - µ«¬ºπ˝≥Ã÷–∑¢…˙“‚Õ‚¥ÌŒÛ
Traceback (most recent call last):
  File "D:\2025shixun\papertools\backend\controller\user_controller.py", line 248, in login
    user = user_service.login(data.get('email'), data.get('password'))
  File "D:\2025shixun\papertools\backend\service\user_service.py", line 49, in login
    if not self.user_dao.verify_password(password, user.password_hash):
           ~~~~~~~~~~~~~~~~~~~~~~~~~~~~~^^^^^^^^^^^^^^^^^^^^^^^^^^^^^^
  File "D:\2025shixun\papertools\backend\dao\user_dao.py", line 67, in verify_password
    return bcrypt.checkpw(
           ~~~~~~~~~~~~~~^
        plain_password.encode('utf-8'),
        ^^^^^^^^^^^^^^^^^^^^^^^^^^^^^^^
        hashed_password.encode('utf-8')
        ^^^^^^^^^^^^^^^^^^^^^^^^^^^^^^^
    )
    ^
ValueError: Invalid salt
2025-06-27 17:06:22 - werkzeug - INFO - _internal:97 - 127.0.0.1 - - [27/Jun/2025 17:06:22] "[35m[1mPOST /api/user/login HTTP/1.1[0m" 500 -
2025-06-27 17:09:45 - werkzeug - INFO - _internal:97 -  * Detected change in 'D:\\2025shixun\\papertools\\backend\\dao\\user_dao.py', reloading
2025-06-27 17:09:45 - werkzeug - INFO - _internal:97 -  * Restarting with stat
2025-06-27 17:09:46 - werkzeug - WARNING - _internal:97 -  * Debugger is active!
2025-06-27 17:09:46 - werkzeug - INFO - _internal:97 -  * Debugger PIN: 262-340-303
2025-06-27 17:10:14 - werkzeug - INFO - _internal:97 -  * Detected change in 'D:\\2025shixun\\papertools\\backend\\models\\user.py', reloading
2025-06-27 17:10:14 - werkzeug - INFO - _internal:97 -  * Restarting with stat
2025-06-27 17:10:15 - werkzeug - WARNING - _internal:97 -  * Debugger is active!
2025-06-27 17:10:15 - werkzeug - INFO - _internal:97 -  * Debugger PIN: 262-340-303
2025-06-27 17:14:29 - werkzeug - INFO - _internal:97 -  * Detected change in 'D:\\2025shixun\\papertools\\backend\\dao\\user_dao.py', reloading
2025-06-27 17:14:29 - werkzeug - INFO - _internal:97 -  * Restarting with stat
2025-06-27 17:14:30 - werkzeug - WARNING - _internal:97 -  * Debugger is active!
2025-06-27 17:14:30 - werkzeug - INFO - _internal:97 -  * Debugger PIN: 262-340-303
2025-06-27 17:18:31 - werkzeug - INFO - _internal:97 -  * Detected change in 'D:\\2025shixun\\papertools\\backend\\controller\\user_controller.py', reloading
2025-06-27 17:18:31 - werkzeug - INFO - _internal:97 -  * Restarting with stat
2025-06-27 17:18:32 - werkzeug - WARNING - _internal:97 -  * Debugger is active!
2025-06-27 17:18:32 - werkzeug - INFO - _internal:97 -  * Debugger PIN: 262-340-303
2025-06-27 17:19:33 - werkzeug - INFO - _internal:97 - [31m[1mWARNING: This is a development server. Do not use it in a production deployment. Use a production WSGI server instead.[0m
 * Running on http://127.0.0.1:5000
2025-06-27 17:19:33 - werkzeug - INFO - _internal:97 - [33mPress CTRL+C to quit[0m
2025-06-27 17:19:33 - werkzeug - INFO - _internal:97 -  * Restarting with stat
2025-06-27 17:19:34 - werkzeug - WARNING - _internal:97 -  * Debugger is active!
2025-06-27 17:19:34 - werkzeug - INFO - _internal:97 -  * Debugger PIN: 262-340-303
2025-06-27 17:19:50 - werkzeug - INFO - _internal:97 -  * Detected change in 'D:\\2025shixun\\papertools\\backend\\app.py', reloading
2025-06-27 17:19:50 - werkzeug - INFO - _internal:97 -  * Restarting with stat
2025-06-27 17:19:51 - werkzeug - WARNING - _internal:97 -  * Debugger is active!
2025-06-27 17:19:51 - werkzeug - INFO - _internal:97 -  * Debugger PIN: 262-340-303
2025-06-27 17:20:32 - werkzeug - INFO - _internal:97 - 127.0.0.1 - - [27/Jun/2025 17:20:32] "OPTIONS /api/user/register HTTP/1.1" 200 -
2025-06-27 17:20:32 - root - INFO - user_controller:144 - 111111111111: admin
2025-06-27 17:20:32 - werkzeug - INFO - _internal:97 - 127.0.0.1 - - [27/Jun/2025 17:20:32] "[35m[1mPOST /api/user/register HTTP/1.1[0m" 500 -
2025-06-27 17:20:48 - werkzeug - INFO - _internal:97 - 127.0.0.1 - - [27/Jun/2025 17:20:48] "OPTIONS /api/user/register HTTP/1.1" 200 -
2025-06-27 17:20:49 - root - INFO - user_controller:144 - 111111111111: admin
2025-06-27 17:20:49 - werkzeug - INFO - _internal:97 - 127.0.0.1 - - [27/Jun/2025 17:20:49] "[35m[1mPOST /api/user/register HTTP/1.1[0m" 500 -
2025-06-27 17:20:50 - root - INFO - user_controller:144 - 111111111111: admin
2025-06-27 17:20:50 - werkzeug - INFO - _internal:97 - 127.0.0.1 - - [27/Jun/2025 17:20:50] "[35m[1mPOST /api/user/register HTTP/1.1[0m" 500 -
2025-06-27 17:25:01 - werkzeug - INFO - _internal:97 -  * Detected change in 'D:\\2025shixun\\papertools\\backend\\dao\\user_dao.py', reloading
2025-06-27 17:25:01 - werkzeug - INFO - _internal:97 -  * Restarting with stat
2025-06-27 17:25:02 - werkzeug - WARNING - _internal:97 -  * Debugger is active!
2025-06-27 17:25:02 - werkzeug - INFO - _internal:97 -  * Debugger PIN: 262-340-303
2025-06-27 17:26:11 - werkzeug - INFO - _internal:97 -  * Detected change in 'D:\\2025shixun\\papertools\\backend\\models\\user.py', reloading
2025-06-27 17:26:11 - werkzeug - INFO - _internal:97 -  * Restarting with stat
2025-06-27 17:26:12 - werkzeug - WARNING - _internal:97 -  * Debugger is active!
2025-06-27 17:26:12 - werkzeug - INFO - _internal:97 -  * Debugger PIN: 262-340-303
2025-06-27 17:26:32 - werkzeug - INFO - _internal:97 -  * Detected change in 'D:\\2025shixun\\papertools\\backend\\service\\user_service.py', reloading
2025-06-27 17:26:32 - werkzeug - INFO - _internal:97 -  * Restarting with stat
2025-06-27 17:26:33 - werkzeug - WARNING - _internal:97 -  * Debugger is active!
2025-06-27 17:26:33 - werkzeug - INFO - _internal:97 -  * Debugger PIN: 262-340-303
